2020-02-19 10:45:48  [ main:0 ] - [ DEBUG ]  Get connection for route HttpRoute[{}->http://test.lemonban.com:8080]
2020-02-19 10:45:48  [ main:69 ] - [ DEBUG ]  Connecting to test.lemonban.com:8080
2020-02-19 10:45:48  [ main:168 ] - [ DEBUG ]  CookieSpec selected: best-match
2020-02-19 10:45:48  [ main:228 ] - [ DEBUG ]  Auth cache not set in the context
2020-02-19 10:45:48  [ main:230 ] - [ DEBUG ]  Attempt 1 to execute request
2020-02-19 10:45:48  [ main:232 ] - [ DEBUG ]  Sending request: POST /futureloan/mvc/api/member/register HTTP/1.1
2020-02-19 10:45:48  [ main:234 ] - [ DEBUG ]  >> "POST /futureloan/mvc/api/member/register HTTP/1.1[\r][\n]"
2020-02-19 10:45:48  [ main:240 ] - [ DEBUG ]  >> "Content-Length: 44[\r][\n]"
2020-02-19 10:45:48  [ main:242 ] - [ DEBUG ]  >> "Content-Type: application/json[\r][\n]"
2020-02-19 10:45:48  [ main:243 ] - [ DEBUG ]  >> "Host: test.lemonban.com:8080[\r][\n]"
2020-02-19 10:45:48  [ main:244 ] - [ DEBUG ]  >> "Connection: Keep-Alive[\r][\n]"
2020-02-19 10:45:48  [ main:246 ] - [ DEBUG ]  >> "User-Agent: Apache-HttpClient/4.1.2 (java 1.5)[\r][\n]"
2020-02-19 10:45:48  [ main:247 ] - [ DEBUG ]  >> "[\r][\n]"
2020-02-19 10:45:48  [ main:262 ] - [ DEBUG ]  >> POST /futureloan/mvc/api/member/register HTTP/1.1
2020-02-19 10:45:48  [ main:264 ] - [ DEBUG ]  >> Content-Length: 44
2020-02-19 10:45:48  [ main:265 ] - [ DEBUG ]  >> Content-Type: application/json
2020-02-19 10:45:48  [ main:284 ] - [ DEBUG ]  >> Host: test.lemonban.com:8080
2020-02-19 10:45:48  [ main:285 ] - [ DEBUG ]  >> Connection: Keep-Alive
2020-02-19 10:45:48  [ main:286 ] - [ DEBUG ]  >> User-Agent: Apache-HttpClient/4.1.2 (java 1.5)
2020-02-19 10:45:48  [ main:292 ] - [ DEBUG ]  >> "{"mobilephone":"15268890987","pwd":"123456"}"
2020-02-19 10:45:48  [ main:328 ] - [ DEBUG ]  << "HTTP/1.1 200 OK[\r][\n]"
2020-02-19 10:45:48  [ main:337 ] - [ DEBUG ]  << "Server: Apache-Coyote/1.1[\r][\n]"
2020-02-19 10:45:48  [ main:338 ] - [ DEBUG ]  << "Content-Type: application/json;charset=UTF-8[\r][\n]"
2020-02-19 10:45:48  [ main:339 ] - [ DEBUG ]  << "Transfer-Encoding: chunked[\r][\n]"
2020-02-19 10:45:48  [ main:340 ] - [ DEBUG ]  << "Date: Wed, 19 Feb 2020 02:45:51 GMT[\r][\n]"
2020-02-19 10:45:48  [ main:341 ] - [ DEBUG ]  << "[\r][\n]"
2020-02-19 10:45:48  [ main:347 ] - [ DEBUG ]  Receiving response: HTTP/1.1 200 OK
2020-02-19 10:45:48  [ main:348 ] - [ DEBUG ]  << HTTP/1.1 200 OK
2020-02-19 10:45:48  [ main:349 ] - [ DEBUG ]  << Server: Apache-Coyote/1.1
2020-02-19 10:45:48  [ main:349 ] - [ DEBUG ]  << Content-Type: application/json;charset=UTF-8
2020-02-19 10:45:48  [ main:350 ] - [ DEBUG ]  << Transfer-Encoding: chunked
2020-02-19 10:45:48  [ main:350 ] - [ DEBUG ]  << Date: Wed, 19 Feb 2020 02:45:51 GMT
2020-02-19 10:45:48  [ main:373 ] - [ DEBUG ]  Connection can be kept alive indefinitely
2020-02-19 10:45:48  [ main:384 ] - [ DEBUG ]  << "45[\r][\n]"
2020-02-19 10:45:48  [ main:386 ] - [ DEBUG ]  << "{"status":0,"code":"20103","data":null,"msg":"[0xe6][0x89][0x8b][0xe6][0x9c][0xba][0xe5][0x8f][0xb7][0xe4][0xb8][0x8d][0xe8][0x83][0xbd][0xe4][0xb8][0xba][0xe7][0xa9][0xba]"}"
2020-02-19 10:45:48  [ main:388 ] - [ DEBUG ]  << "[\r][\n]"
2020-02-19 10:45:48  [ main:389 ] - [ DEBUG ]  << "0[\r][\n]"
2020-02-19 10:45:48  [ main:389 ] - [ DEBUG ]  << "[\r][\n]"
2020-02-19 10:45:48  [ main:391 ] - [ DEBUG ]  Releasing connection org.apache.http.impl.conn.SingleClientConnManager$ConnAdapter@f5acb9d
2020-02-19 10:45:49  [ main:1334 ] - [ DEBUG ]  Get connection for route HttpRoute[{}->http://test.lemonban.com:8080]
2020-02-19 10:45:49  [ main:1344 ] - [ DEBUG ]  Stale connection check
2020-02-19 10:45:49  [ main:1347 ] - [ DEBUG ]  CookieSpec selected: best-match
2020-02-19 10:45:49  [ main:1349 ] - [ DEBUG ]  Auth cache not set in the context
2020-02-19 10:45:49  [ main:1350 ] - [ DEBUG ]  Attempt 1 to execute request
2020-02-19 10:45:49  [ main:1351 ] - [ DEBUG ]  Sending request: POST /futureloan/mvc/api/member/register HTTP/1.1
2020-02-19 10:45:49  [ main:1352 ] - [ DEBUG ]  >> "POST /futureloan/mvc/api/member/register HTTP/1.1[\r][\n]"
2020-02-19 10:45:49  [ main:1356 ] - [ DEBUG ]  >> "Content-Length: 43[\r][\n]"
2020-02-19 10:45:49  [ main:1358 ] - [ DEBUG ]  >> "Content-Type: application/json[\r][\n]"
2020-02-19 10:45:49  [ main:1360 ] - [ DEBUG ]  >> "Host: test.lemonban.com:8080[\r][\n]"
2020-02-19 10:45:49  [ main:1361 ] - [ DEBUG ]  >> "Connection: Keep-Alive[\r][\n]"
2020-02-19 10:45:49  [ main:1363 ] - [ DEBUG ]  >> "User-Agent: Apache-HttpClient/4.1.2 (java 1.5)[\r][\n]"
2020-02-19 10:45:49  [ main:1364 ] - [ DEBUG ]  >> "[\r][\n]"
2020-02-19 10:45:49  [ main:1366 ] - [ DEBUG ]  >> POST /futureloan/mvc/api/member/register HTTP/1.1
2020-02-19 10:45:49  [ main:1367 ] - [ DEBUG ]  >> Content-Length: 43
2020-02-19 10:45:49  [ main:1369 ] - [ DEBUG ]  >> Content-Type: application/json
2020-02-19 10:45:49  [ main:1370 ] - [ DEBUG ]  >> Host: test.lemonban.com:8080
2020-02-19 10:45:49  [ main:1371 ] - [ DEBUG ]  >> Connection: Keep-Alive
2020-02-19 10:45:49  [ main:1372 ] - [ DEBUG ]  >> User-Agent: Apache-HttpClient/4.1.2 (java 1.5)
2020-02-19 10:45:49  [ main:1373 ] - [ DEBUG ]  >> "{"mobilephone":"55555555555","pwd":"12346"}"
2020-02-19 10:45:49  [ main:1414 ] - [ DEBUG ]  << "HTTP/1.1 200 OK[\r][\n]"
2020-02-19 10:45:49  [ main:1421 ] - [ DEBUG ]  << "Server: Apache-Coyote/1.1[\r][\n]"
2020-02-19 10:45:49  [ main:1422 ] - [ DEBUG ]  << "Content-Type: application/json;charset=UTF-8[\r][\n]"
2020-02-19 10:45:49  [ main:1423 ] - [ DEBUG ]  << "Transfer-Encoding: chunked[\r][\n]"
2020-02-19 10:45:49  [ main:1426 ] - [ DEBUG ]  << "Date: Wed, 19 Feb 2020 02:45:52 GMT[\r][\n]"
2020-02-19 10:45:49  [ main:1427 ] - [ DEBUG ]  << "[\r][\n]"
2020-02-19 10:45:49  [ main:1429 ] - [ DEBUG ]  Receiving response: HTTP/1.1 200 OK
2020-02-19 10:45:49  [ main:1431 ] - [ DEBUG ]  << HTTP/1.1 200 OK
2020-02-19 10:45:49  [ main:1432 ] - [ DEBUG ]  << Server: Apache-Coyote/1.1
2020-02-19 10:45:49  [ main:1433 ] - [ DEBUG ]  << Content-Type: application/json;charset=UTF-8
2020-02-19 10:45:49  [ main:1434 ] - [ DEBUG ]  << Transfer-Encoding: chunked
2020-02-19 10:45:49  [ main:1435 ] - [ DEBUG ]  << Date: Wed, 19 Feb 2020 02:45:52 GMT
2020-02-19 10:45:49  [ main:1437 ] - [ DEBUG ]  Connection can be kept alive indefinitely
2020-02-19 10:45:49  [ main:1438 ] - [ DEBUG ]  << "45[\r][\n]"
2020-02-19 10:45:49  [ main:1439 ] - [ DEBUG ]  << "{"status":0,"code":"20103","data":null,"msg":"[0xe6][0x89][0x8b][0xe6][0x9c][0xba][0xe5][0x8f][0xb7][0xe4][0xb8][0x8d][0xe8][0x83][0xbd][0xe4][0xb8][0xba][0xe7][0xa9][0xba]"}"
2020-02-19 10:45:49  [ main:1441 ] - [ DEBUG ]  << "[\r][\n]"
2020-02-19 10:45:49  [ main:1443 ] - [ DEBUG ]  << "0[\r][\n]"
2020-02-19 10:45:49  [ main:1444 ] - [ DEBUG ]  << "[\r][\n]"
2020-02-19 10:45:49  [ main:1445 ] - [ DEBUG ]  Releasing connection org.apache.http.impl.conn.SingleClientConnManager$ConnAdapter@4e5ed836
2020-02-19 10:47:12  [ main:1 ] - [ DEBUG ]  Get connection for route HttpRoute[{}->http://test.lemonban.com:8080]
2020-02-19 10:47:12  [ main:53 ] - [ DEBUG ]  Connecting to test.lemonban.com:8080
2020-02-19 10:47:12  [ main:187 ] - [ DEBUG ]  CookieSpec selected: best-match
2020-02-19 10:47:12  [ main:236 ] - [ DEBUG ]  Auth cache not set in the context
2020-02-19 10:47:12  [ main:238 ] - [ DEBUG ]  Attempt 1 to execute request
2020-02-19 10:47:12  [ main:239 ] - [ DEBUG ]  Sending request: POST /futureloan/mvc/api/member/register HTTP/1.1
2020-02-19 10:47:12  [ main:243 ] - [ DEBUG ]  >> "POST /futureloan/mvc/api/member/register HTTP/1.1[\r][\n]"
2020-02-19 10:47:12  [ main:247 ] - [ DEBUG ]  >> "Content-Length: 44[\r][\n]"
2020-02-19 10:47:12  [ main:248 ] - [ DEBUG ]  >> "Content-Type: application/json[\r][\n]"
2020-02-19 10:47:12  [ main:249 ] - [ DEBUG ]  >> "Host: test.lemonban.com:8080[\r][\n]"
2020-02-19 10:47:12  [ main:250 ] - [ DEBUG ]  >> "Connection: Keep-Alive[\r][\n]"
2020-02-19 10:47:12  [ main:251 ] - [ DEBUG ]  >> "User-Agent: Apache-HttpClient/4.1.2 (java 1.5)[\r][\n]"
2020-02-19 10:47:12  [ main:253 ] - [ DEBUG ]  >> "[\r][\n]"
2020-02-19 10:47:12  [ main:265 ] - [ DEBUG ]  >> POST /futureloan/mvc/api/member/register HTTP/1.1
2020-02-19 10:47:12  [ main:267 ] - [ DEBUG ]  >> Content-Length: 44
2020-02-19 10:47:12  [ main:269 ] - [ DEBUG ]  >> Content-Type: application/json
2020-02-19 10:47:12  [ main:278 ] - [ DEBUG ]  >> Host: test.lemonban.com:8080
2020-02-19 10:47:12  [ main:279 ] - [ DEBUG ]  >> Connection: Keep-Alive
2020-02-19 10:47:12  [ main:280 ] - [ DEBUG ]  >> User-Agent: Apache-HttpClient/4.1.2 (java 1.5)
2020-02-19 10:47:12  [ main:283 ] - [ DEBUG ]  >> "{"mobilephone":"15268890987","pwd":"123456"}"
2020-02-19 10:47:12  [ main:317 ] - [ DEBUG ]  << "HTTP/1.1 200 OK[\r][\n]"
2020-02-19 10:47:12  [ main:326 ] - [ DEBUG ]  << "Server: Apache-Coyote/1.1[\r][\n]"
2020-02-19 10:47:12  [ main:328 ] - [ DEBUG ]  << "Content-Type: application/json;charset=UTF-8[\r][\n]"
2020-02-19 10:47:12  [ main:329 ] - [ DEBUG ]  << "Transfer-Encoding: chunked[\r][\n]"
2020-02-19 10:47:12  [ main:330 ] - [ DEBUG ]  << "Date: Wed, 19 Feb 2020 02:47:15 GMT[\r][\n]"
2020-02-19 10:47:12  [ main:331 ] - [ DEBUG ]  << "[\r][\n]"
2020-02-19 10:47:12  [ main:335 ] - [ DEBUG ]  Receiving response: HTTP/1.1 200 OK
2020-02-19 10:47:12  [ main:336 ] - [ DEBUG ]  << HTTP/1.1 200 OK
2020-02-19 10:47:12  [ main:337 ] - [ DEBUG ]  << Server: Apache-Coyote/1.1
2020-02-19 10:47:12  [ main:338 ] - [ DEBUG ]  << Content-Type: application/json;charset=UTF-8
2020-02-19 10:47:12  [ main:339 ] - [ DEBUG ]  << Transfer-Encoding: chunked
2020-02-19 10:47:12  [ main:340 ] - [ DEBUG ]  << Date: Wed, 19 Feb 2020 02:47:15 GMT
2020-02-19 10:47:12  [ main:361 ] - [ DEBUG ]  Connection can be kept alive indefinitely
2020-02-19 10:47:12  [ main:370 ] - [ DEBUG ]  << "45[\r][\n]"
2020-02-19 10:47:12  [ main:371 ] - [ DEBUG ]  << "{"status":0,"code":"20103","data":null,"msg":"[0xe6][0x89][0x8b][0xe6][0x9c][0xba][0xe5][0x8f][0xb7][0xe4][0xb8][0x8d][0xe8][0x83][0xbd][0xe4][0xb8][0xba][0xe7][0xa9][0xba]"}"
2020-02-19 10:47:12  [ main:372 ] - [ DEBUG ]  << "[\r][\n]"
2020-02-19 10:47:12  [ main:373 ] - [ DEBUG ]  << "0[\r][\n]"
2020-02-19 10:47:12  [ main:373 ] - [ DEBUG ]  << "[\r][\n]"
2020-02-19 10:47:12  [ main:375 ] - [ DEBUG ]  Releasing connection org.apache.http.impl.conn.SingleClientConnManager$ConnAdapter@f5acb9d
2020-02-19 10:47:13  [ main:1621 ] - [ DEBUG ]  Get connection for route HttpRoute[{}->http://test.lemonban.com:8080]
2020-02-19 10:47:13  [ main:1626 ] - [ DEBUG ]  Stale connection check
2020-02-19 10:47:13  [ main:1629 ] - [ DEBUG ]  CookieSpec selected: best-match
2020-02-19 10:47:13  [ main:1630 ] - [ DEBUG ]  Auth cache not set in the context
2020-02-19 10:47:13  [ main:1631 ] - [ DEBUG ]  Attempt 1 to execute request
2020-02-19 10:47:13  [ main:1632 ] - [ DEBUG ]  Sending request: POST /futureloan/mvc/api/member/register HTTP/1.1
2020-02-19 10:47:13  [ main:1632 ] - [ DEBUG ]  >> "POST /futureloan/mvc/api/member/register HTTP/1.1[\r][\n]"
2020-02-19 10:47:13  [ main:1633 ] - [ DEBUG ]  >> "Content-Length: 43[\r][\n]"
2020-02-19 10:47:13  [ main:1634 ] - [ DEBUG ]  >> "Content-Type: application/json[\r][\n]"
2020-02-19 10:47:13  [ main:1634 ] - [ DEBUG ]  >> "Host: test.lemonban.com:8080[\r][\n]"
2020-02-19 10:47:13  [ main:1635 ] - [ DEBUG ]  >> "Connection: Keep-Alive[\r][\n]"
2020-02-19 10:47:13  [ main:1636 ] - [ DEBUG ]  >> "User-Agent: Apache-HttpClient/4.1.2 (java 1.5)[\r][\n]"
2020-02-19 10:47:13  [ main:1636 ] - [ DEBUG ]  >> "[\r][\n]"
2020-02-19 10:47:13  [ main:1637 ] - [ DEBUG ]  >> POST /futureloan/mvc/api/member/register HTTP/1.1
2020-02-19 10:47:13  [ main:1637 ] - [ DEBUG ]  >> Content-Length: 43
2020-02-19 10:47:13  [ main:1638 ] - [ DEBUG ]  >> Content-Type: application/json
2020-02-19 10:47:13  [ main:1639 ] - [ DEBUG ]  >> Host: test.lemonban.com:8080
2020-02-19 10:47:13  [ main:1639 ] - [ DEBUG ]  >> Connection: Keep-Alive
2020-02-19 10:47:13  [ main:1640 ] - [ DEBUG ]  >> User-Agent: Apache-HttpClient/4.1.2 (java 1.5)
2020-02-19 10:47:13  [ main:1641 ] - [ DEBUG ]  >> "{"mobilephone":"55555555555","pwd":"12346"}"
2020-02-19 10:47:13  [ main:1684 ] - [ DEBUG ]  << "HTTP/1.1 200 OK[\r][\n]"
2020-02-19 10:47:13  [ main:1685 ] - [ DEBUG ]  << "Server: Apache-Coyote/1.1[\r][\n]"
2020-02-19 10:47:13  [ main:1686 ] - [ DEBUG ]  << "Content-Type: application/json;charset=UTF-8[\r][\n]"
2020-02-19 10:47:13  [ main:1687 ] - [ DEBUG ]  << "Transfer-Encoding: chunked[\r][\n]"
2020-02-19 10:47:13  [ main:1688 ] - [ DEBUG ]  << "Date: Wed, 19 Feb 2020 02:47:17 GMT[\r][\n]"
2020-02-19 10:47:13  [ main:1691 ] - [ DEBUG ]  << "[\r][\n]"
2020-02-19 10:47:13  [ main:1692 ] - [ DEBUG ]  Receiving response: HTTP/1.1 200 OK
2020-02-19 10:47:13  [ main:1694 ] - [ DEBUG ]  << HTTP/1.1 200 OK
2020-02-19 10:47:13  [ main:1695 ] - [ DEBUG ]  << Server: Apache-Coyote/1.1
2020-02-19 10:47:13  [ main:1695 ] - [ DEBUG ]  << Content-Type: application/json;charset=UTF-8
2020-02-19 10:47:13  [ main:1696 ] - [ DEBUG ]  << Transfer-Encoding: chunked
2020-02-19 10:47:13  [ main:1697 ] - [ DEBUG ]  << Date: Wed, 19 Feb 2020 02:47:17 GMT
2020-02-19 10:47:13  [ main:1698 ] - [ DEBUG ]  Connection can be kept alive indefinitely
2020-02-19 10:47:13  [ main:1699 ] - [ DEBUG ]  << "45[\r][\n]"
2020-02-19 10:47:13  [ main:1700 ] - [ DEBUG ]  << "{"status":0,"code":"20103","data":null,"msg":"[0xe6][0x89][0x8b][0xe6][0x9c][0xba][0xe5][0x8f][0xb7][0xe4][0xb8][0x8d][0xe8][0x83][0xbd][0xe4][0xb8][0xba][0xe7][0xa9][0xba]"}"
2020-02-19 10:47:13  [ main:1701 ] - [ DEBUG ]  << "[\r][\n]"
2020-02-19 10:47:13  [ main:1702 ] - [ DEBUG ]  << "0[\r][\n]"
2020-02-19 10:47:13  [ main:1703 ] - [ DEBUG ]  << "[\r][\n]"
2020-02-19 10:47:13  [ main:1704 ] - [ DEBUG ]  Releasing connection org.apache.http.impl.conn.SingleClientConnManager$ConnAdapter@60f00693
2020-02-19 10:48:29  [ main:0 ] - [ DEBUG ]  Get connection for route HttpRoute[{}->http://test.lemonban.com:8080]
2020-02-19 10:48:29  [ main:55 ] - [ DEBUG ]  Connecting to test.lemonban.com:8080
2020-02-19 10:48:29  [ main:152 ] - [ DEBUG ]  CookieSpec selected: best-match
2020-02-19 10:48:29  [ main:217 ] - [ DEBUG ]  Auth cache not set in the context
2020-02-19 10:48:29  [ main:222 ] - [ DEBUG ]  Attempt 1 to execute request
2020-02-19 10:48:29  [ main:224 ] - [ DEBUG ]  Sending request: POST /futureloan/mvc/api/member/register HTTP/1.1
2020-02-19 10:48:29  [ main:229 ] - [ DEBUG ]  >> "POST /futureloan/mvc/api/member/register HTTP/1.1[\r][\n]"
2020-02-19 10:48:29  [ main:240 ] - [ DEBUG ]  >> "Content-Length: 44[\r][\n]"
2020-02-19 10:48:29  [ main:242 ] - [ DEBUG ]  >> "Content-Type: application/json[\r][\n]"
2020-02-19 10:48:29  [ main:249 ] - [ DEBUG ]  >> "Host: test.lemonban.com:8080[\r][\n]"
2020-02-19 10:48:29  [ main:252 ] - [ DEBUG ]  >> "Connection: Keep-Alive[\r][\n]"
2020-02-19 10:48:29  [ main:253 ] - [ DEBUG ]  >> "User-Agent: Apache-HttpClient/4.1.2 (java 1.5)[\r][\n]"
2020-02-19 10:48:29  [ main:256 ] - [ DEBUG ]  >> "[\r][\n]"
2020-02-19 10:48:29  [ main:272 ] - [ DEBUG ]  >> POST /futureloan/mvc/api/member/register HTTP/1.1
2020-02-19 10:48:29  [ main:274 ] - [ DEBUG ]  >> Content-Length: 44
2020-02-19 10:48:29  [ main:277 ] - [ DEBUG ]  >> Content-Type: application/json
2020-02-19 10:48:29  [ main:288 ] - [ DEBUG ]  >> Host: test.lemonban.com:8080
2020-02-19 10:48:29  [ main:289 ] - [ DEBUG ]  >> Connection: Keep-Alive
2020-02-19 10:48:29  [ main:290 ] - [ DEBUG ]  >> User-Agent: Apache-HttpClient/4.1.2 (java 1.5)
2020-02-19 10:48:29  [ main:292 ] - [ DEBUG ]  >> "{"mobilephone":"15268890987","pwd":"123456"}"
2020-02-19 10:48:29  [ main:329 ] - [ DEBUG ]  << "HTTP/1.1 200 OK[\r][\n]"
2020-02-19 10:48:29  [ main:339 ] - [ DEBUG ]  << "Server: Apache-Coyote/1.1[\r][\n]"
2020-02-19 10:48:29  [ main:340 ] - [ DEBUG ]  << "Content-Type: application/json;charset=UTF-8[\r][\n]"
2020-02-19 10:48:29  [ main:341 ] - [ DEBUG ]  << "Transfer-Encoding: chunked[\r][\n]"
2020-02-19 10:48:29  [ main:342 ] - [ DEBUG ]  << "Date: Wed, 19 Feb 2020 02:48:33 GMT[\r][\n]"
2020-02-19 10:48:29  [ main:343 ] - [ DEBUG ]  << "[\r][\n]"
2020-02-19 10:48:29  [ main:346 ] - [ DEBUG ]  Receiving response: HTTP/1.1 200 OK
2020-02-19 10:48:29  [ main:347 ] - [ DEBUG ]  << HTTP/1.1 200 OK
2020-02-19 10:48:29  [ main:348 ] - [ DEBUG ]  << Server: Apache-Coyote/1.1
2020-02-19 10:48:29  [ main:349 ] - [ DEBUG ]  << Content-Type: application/json;charset=UTF-8
2020-02-19 10:48:29  [ main:350 ] - [ DEBUG ]  << Transfer-Encoding: chunked
2020-02-19 10:48:29  [ main:351 ] - [ DEBUG ]  << Date: Wed, 19 Feb 2020 02:48:33 GMT
2020-02-19 10:48:29  [ main:374 ] - [ DEBUG ]  Connection can be kept alive indefinitely
2020-02-19 10:48:29  [ main:385 ] - [ DEBUG ]  << "45[\r][\n]"
2020-02-19 10:48:29  [ main:387 ] - [ DEBUG ]  << "{"status":0,"code":"20103","data":null,"msg":"[0xe6][0x89][0x8b][0xe6][0x9c][0xba][0xe5][0x8f][0xb7][0xe4][0xb8][0x8d][0xe8][0x83][0xbd][0xe4][0xb8][0xba][0xe7][0xa9][0xba]"}"
2020-02-19 10:48:29  [ main:388 ] - [ DEBUG ]  << "[\r][\n]"
2020-02-19 10:48:29  [ main:389 ] - [ DEBUG ]  << "0[\r][\n]"
2020-02-19 10:48:29  [ main:390 ] - [ DEBUG ]  << "[\r][\n]"
2020-02-19 10:48:29  [ main:392 ] - [ DEBUG ]  Releasing connection org.apache.http.impl.conn.SingleClientConnManager$ConnAdapter@7c24b813
2020-02-19 10:48:31  [ main:1696 ] - [ ERROR ]  java.lang.AssertionError: 登入测试 expected [10103] but found [20103]
2020-02-19 10:48:31  [ main:1715 ] - [ DEBUG ]  Get connection for route HttpRoute[{}->http://test.lemonban.com:8080]
2020-02-19 10:48:31  [ main:1719 ] - [ DEBUG ]  Stale connection check
2020-02-19 10:48:31  [ main:1722 ] - [ DEBUG ]  CookieSpec selected: best-match
2020-02-19 10:48:31  [ main:1724 ] - [ DEBUG ]  Auth cache not set in the context
2020-02-19 10:48:31  [ main:1724 ] - [ DEBUG ]  Attempt 1 to execute request
2020-02-19 10:48:31  [ main:1726 ] - [ DEBUG ]  Sending request: POST /futureloan/mvc/api/member/register HTTP/1.1
2020-02-19 10:48:31  [ main:1727 ] - [ DEBUG ]  >> "POST /futureloan/mvc/api/member/register HTTP/1.1[\r][\n]"
2020-02-19 10:48:31  [ main:1728 ] - [ DEBUG ]  >> "Content-Length: 43[\r][\n]"
2020-02-19 10:48:31  [ main:1728 ] - [ DEBUG ]  >> "Content-Type: application/json[\r][\n]"
2020-02-19 10:48:31  [ main:1729 ] - [ DEBUG ]  >> "Host: test.lemonban.com:8080[\r][\n]"
2020-02-19 10:48:31  [ main:1729 ] - [ DEBUG ]  >> "Connection: Keep-Alive[\r][\n]"
2020-02-19 10:48:31  [ main:1730 ] - [ DEBUG ]  >> "User-Agent: Apache-HttpClient/4.1.2 (java 1.5)[\r][\n]"
2020-02-19 10:48:31  [ main:1731 ] - [ DEBUG ]  >> "[\r][\n]"
2020-02-19 10:48:31  [ main:1731 ] - [ DEBUG ]  >> POST /futureloan/mvc/api/member/register HTTP/1.1
2020-02-19 10:48:31  [ main:1732 ] - [ DEBUG ]  >> Content-Length: 43
2020-02-19 10:48:31  [ main:1733 ] - [ DEBUG ]  >> Content-Type: application/json
2020-02-19 10:48:31  [ main:1734 ] - [ DEBUG ]  >> Host: test.lemonban.com:8080
2020-02-19 10:48:31  [ main:1734 ] - [ DEBUG ]  >> Connection: Keep-Alive
2020-02-19 10:48:31  [ main:1735 ] - [ DEBUG ]  >> User-Agent: Apache-HttpClient/4.1.2 (java 1.5)
2020-02-19 10:48:31  [ main:1737 ] - [ DEBUG ]  >> "{"mobilephone":"55555555555","pwd":"12346"}"
2020-02-19 10:48:31  [ main:1771 ] - [ DEBUG ]  << "HTTP/1.1 200 OK[\r][\n]"
2020-02-19 10:48:31  [ main:1772 ] - [ DEBUG ]  << "Server: Apache-Coyote/1.1[\r][\n]"
2020-02-19 10:48:31  [ main:1773 ] - [ DEBUG ]  << "Content-Type: application/json;charset=UTF-8[\r][\n]"
2020-02-19 10:48:31  [ main:1774 ] - [ DEBUG ]  << "Transfer-Encoding: chunked[\r][\n]"
2020-02-19 10:48:31  [ main:1775 ] - [ DEBUG ]  << "Date: Wed, 19 Feb 2020 02:48:34 GMT[\r][\n]"
2020-02-19 10:48:31  [ main:1776 ] - [ DEBUG ]  << "[\r][\n]"
2020-02-19 10:48:31  [ main:1777 ] - [ DEBUG ]  Receiving response: HTTP/1.1 200 OK
2020-02-19 10:48:31  [ main:1777 ] - [ DEBUG ]  << HTTP/1.1 200 OK
2020-02-19 10:48:31  [ main:1778 ] - [ DEBUG ]  << Server: Apache-Coyote/1.1
2020-02-19 10:48:31  [ main:1779 ] - [ DEBUG ]  << Content-Type: application/json;charset=UTF-8
2020-02-19 10:48:31  [ main:1780 ] - [ DEBUG ]  << Transfer-Encoding: chunked
2020-02-19 10:48:31  [ main:1781 ] - [ DEBUG ]  << Date: Wed, 19 Feb 2020 02:48:34 GMT
2020-02-19 10:48:31  [ main:1782 ] - [ DEBUG ]  Connection can be kept alive indefinitely
2020-02-19 10:48:31  [ main:1784 ] - [ DEBUG ]  << "45[\r][\n]"
2020-02-19 10:48:31  [ main:1785 ] - [ DEBUG ]  << "{"status":0,"code":"20103","data":null,"msg":"[0xe6][0x89][0x8b][0xe6][0x9c][0xba][0xe5][0x8f][0xb7][0xe4][0xb8][0x8d][0xe8][0x83][0xbd][0xe4][0xb8][0xba][0xe7][0xa9][0xba]"}"
2020-02-19 10:48:31  [ main:1787 ] - [ DEBUG ]  << "[\r][\n]"
2020-02-19 10:48:31  [ main:1788 ] - [ DEBUG ]  << "0[\r][\n]"
2020-02-19 10:48:31  [ main:1789 ] - [ DEBUG ]  << "[\r][\n]"
2020-02-19 10:48:31  [ main:1790 ] - [ DEBUG ]  Releasing connection org.apache.http.impl.conn.SingleClientConnManager$ConnAdapter@782859e
2020-02-19 10:48:31  [ main:2505 ] - [ ERROR ]  java.lang.AssertionError: 登入测试 expected [10103] but found [20103]
2020-02-19 10:58:43  [ main:0 ] - [ DEBUG ]  Get connection for route HttpRoute[{}->http://test.lemonban.com:8080]
2020-02-19 10:58:43  [ main:73 ] - [ DEBUG ]  Connecting to test.lemonban.com:8080
2020-02-19 10:58:43  [ main:165 ] - [ DEBUG ]  CookieSpec selected: best-match
2020-02-19 10:58:43  [ main:212 ] - [ DEBUG ]  Auth cache not set in the context
2020-02-19 10:58:43  [ main:214 ] - [ DEBUG ]  Attempt 1 to execute request
2020-02-19 10:58:43  [ main:215 ] - [ DEBUG ]  Sending request: POST /futureloan/mvc/api/member/register HTTP/1.1
2020-02-19 10:58:43  [ main:218 ] - [ DEBUG ]  >> "POST /futureloan/mvc/api/member/register HTTP/1.1[\r][\n]"
2020-02-19 10:58:43  [ main:223 ] - [ DEBUG ]  >> "Content-Length: 44[\r][\n]"
2020-02-19 10:58:43  [ main:224 ] - [ DEBUG ]  >> "Content-Type: application/json[\r][\n]"
2020-02-19 10:58:43  [ main:226 ] - [ DEBUG ]  >> "Host: test.lemonban.com:8080[\r][\n]"
2020-02-19 10:58:43  [ main:228 ] - [ DEBUG ]  >> "Connection: Keep-Alive[\r][\n]"
2020-02-19 10:58:43  [ main:230 ] - [ DEBUG ]  >> "User-Agent: Apache-HttpClient/4.1.2 (java 1.5)[\r][\n]"
2020-02-19 10:58:43  [ main:232 ] - [ DEBUG ]  >> "[\r][\n]"
2020-02-19 10:58:43  [ main:245 ] - [ DEBUG ]  >> POST /futureloan/mvc/api/member/register HTTP/1.1
2020-02-19 10:58:43  [ main:246 ] - [ DEBUG ]  >> Content-Length: 44
2020-02-19 10:58:43  [ main:247 ] - [ DEBUG ]  >> Content-Type: application/json
2020-02-19 10:58:43  [ main:253 ] - [ DEBUG ]  >> Host: test.lemonban.com:8080
2020-02-19 10:58:43  [ main:254 ] - [ DEBUG ]  >> Connection: Keep-Alive
2020-02-19 10:58:43  [ main:254 ] - [ DEBUG ]  >> User-Agent: Apache-HttpClient/4.1.2 (java 1.5)
2020-02-19 10:58:43  [ main:256 ] - [ DEBUG ]  >> "{"mobilephone":"15268890987","pwd":"123456"}"
2020-02-19 10:58:43  [ main:289 ] - [ DEBUG ]  << "HTTP/1.1 200 OK[\r][\n]"
2020-02-19 10:58:43  [ main:299 ] - [ DEBUG ]  << "Server: Apache-Coyote/1.1[\r][\n]"
2020-02-19 10:58:43  [ main:301 ] - [ DEBUG ]  << "Content-Type: application/json;charset=UTF-8[\r][\n]"
2020-02-19 10:58:43  [ main:302 ] - [ DEBUG ]  << "Transfer-Encoding: chunked[\r][\n]"
2020-02-19 10:58:43  [ main:303 ] - [ DEBUG ]  << "Date: Wed, 19 Feb 2020 02:58:46 GMT[\r][\n]"
2020-02-19 10:58:43  [ main:304 ] - [ DEBUG ]  << "[\r][\n]"
2020-02-19 10:58:43  [ main:307 ] - [ DEBUG ]  Receiving response: HTTP/1.1 200 OK
2020-02-19 10:58:43  [ main:308 ] - [ DEBUG ]  << HTTP/1.1 200 OK
2020-02-19 10:58:43  [ main:310 ] - [ DEBUG ]  << Server: Apache-Coyote/1.1
2020-02-19 10:58:43  [ main:311 ] - [ DEBUG ]  << Content-Type: application/json;charset=UTF-8
2020-02-19 10:58:43  [ main:312 ] - [ DEBUG ]  << Transfer-Encoding: chunked
2020-02-19 10:58:43  [ main:313 ] - [ DEBUG ]  << Date: Wed, 19 Feb 2020 02:58:46 GMT
2020-02-19 10:58:43  [ main:336 ] - [ DEBUG ]  Connection can be kept alive indefinitely
2020-02-19 10:58:43  [ main:347 ] - [ DEBUG ]  << "45[\r][\n]"
2020-02-19 10:58:43  [ main:348 ] - [ DEBUG ]  << "{"status":0,"code":"20103","data":null,"msg":"[0xe6][0x89][0x8b][0xe6][0x9c][0xba][0xe5][0x8f][0xb7][0xe4][0xb8][0x8d][0xe8][0x83][0xbd][0xe4][0xb8][0xba][0xe7][0xa9][0xba]"}"
2020-02-19 10:58:43  [ main:349 ] - [ DEBUG ]  << "[\r][\n]"
2020-02-19 10:58:43  [ main:350 ] - [ DEBUG ]  << "0[\r][\n]"
2020-02-19 10:58:43  [ main:351 ] - [ DEBUG ]  << "[\r][\n]"
2020-02-19 10:58:43  [ main:354 ] - [ DEBUG ]  Releasing connection org.apache.http.impl.conn.SingleClientConnManager$ConnAdapter@f5acb9d
2020-02-19 10:58:44  [ main:1592 ] - [ ERROR ]  java.lang.AssertionError: 登入测试 expected [10103] but found [20103]
2020-02-19 10:58:44  [ main:1610 ] - [ DEBUG ]  Get connection for route HttpRoute[{}->http://test.lemonban.com:8080]
2020-02-19 10:58:44  [ main:1618 ] - [ DEBUG ]  Stale connection check
2020-02-19 10:58:44  [ main:1622 ] - [ DEBUG ]  CookieSpec selected: best-match
2020-02-19 10:58:44  [ main:1623 ] - [ DEBUG ]  Auth cache not set in the context
2020-02-19 10:58:44  [ main:1623 ] - [ DEBUG ]  Attempt 1 to execute request
2020-02-19 10:58:44  [ main:1624 ] - [ DEBUG ]  Sending request: POST /futureloan/mvc/api/member/register HTTP/1.1
2020-02-19 10:58:44  [ main:1625 ] - [ DEBUG ]  >> "POST /futureloan/mvc/api/member/register HTTP/1.1[\r][\n]"
2020-02-19 10:58:44  [ main:1626 ] - [ DEBUG ]  >> "Content-Length: 43[\r][\n]"
2020-02-19 10:58:44  [ main:1627 ] - [ DEBUG ]  >> "Content-Type: application/json[\r][\n]"
2020-02-19 10:58:44  [ main:1628 ] - [ DEBUG ]  >> "Host: test.lemonban.com:8080[\r][\n]"
2020-02-19 10:58:44  [ main:1628 ] - [ DEBUG ]  >> "Connection: Keep-Alive[\r][\n]"
2020-02-19 10:58:44  [ main:1629 ] - [ DEBUG ]  >> "User-Agent: Apache-HttpClient/4.1.2 (java 1.5)[\r][\n]"
2020-02-19 10:58:44  [ main:1630 ] - [ DEBUG ]  >> "[\r][\n]"
2020-02-19 10:58:44  [ main:1630 ] - [ DEBUG ]  >> POST /futureloan/mvc/api/member/register HTTP/1.1
2020-02-19 10:58:44  [ main:1631 ] - [ DEBUG ]  >> Content-Length: 43
2020-02-19 10:58:44  [ main:1632 ] - [ DEBUG ]  >> Content-Type: application/json
2020-02-19 10:58:44  [ main:1632 ] - [ DEBUG ]  >> Host: test.lemonban.com:8080
2020-02-19 10:58:44  [ main:1633 ] - [ DEBUG ]  >> Connection: Keep-Alive
2020-02-19 10:58:44  [ main:1634 ] - [ DEBUG ]  >> User-Agent: Apache-HttpClient/4.1.2 (java 1.5)
2020-02-19 10:58:44  [ main:1635 ] - [ DEBUG ]  >> "{"mobilephone":"55555555555","pwd":"12346"}"
2020-02-19 10:58:44  [ main:1675 ] - [ DEBUG ]  << "HTTP/1.1 200 OK[\r][\n]"
2020-02-19 10:58:44  [ main:1676 ] - [ DEBUG ]  << "Server: Apache-Coyote/1.1[\r][\n]"
2020-02-19 10:58:44  [ main:1677 ] - [ DEBUG ]  << "Content-Type: application/json;charset=UTF-8[\r][\n]"
2020-02-19 10:58:44  [ main:1678 ] - [ DEBUG ]  << "Transfer-Encoding: chunked[\r][\n]"
2020-02-19 10:58:44  [ main:1679 ] - [ DEBUG ]  << "Date: Wed, 19 Feb 2020 02:58:48 GMT[\r][\n]"
2020-02-19 10:58:44  [ main:1679 ] - [ DEBUG ]  << "[\r][\n]"
2020-02-19 10:58:44  [ main:1680 ] - [ DEBUG ]  Receiving response: HTTP/1.1 200 OK
2020-02-19 10:58:44  [ main:1680 ] - [ DEBUG ]  << HTTP/1.1 200 OK
2020-02-19 10:58:44  [ main:1681 ] - [ DEBUG ]  << Server: Apache-Coyote/1.1
2020-02-19 10:58:44  [ main:1682 ] - [ DEBUG ]  << Content-Type: application/json;charset=UTF-8
2020-02-19 10:58:44  [ main:1683 ] - [ DEBUG ]  << Transfer-Encoding: chunked
2020-02-19 10:58:44  [ main:1684 ] - [ DEBUG ]  << Date: Wed, 19 Feb 2020 02:58:48 GMT
2020-02-19 10:58:44  [ main:1686 ] - [ DEBUG ]  Connection can be kept alive indefinitely
2020-02-19 10:58:44  [ main:1687 ] - [ DEBUG ]  << "45[\r][\n]"
2020-02-19 10:58:44  [ main:1688 ] - [ DEBUG ]  << "{"status":0,"code":"20103","data":null,"msg":"[0xe6][0x89][0x8b][0xe6][0x9c][0xba][0xe5][0x8f][0xb7][0xe4][0xb8][0x8d][0xe8][0x83][0xbd][0xe4][0xb8][0xba][0xe7][0xa9][0xba]"}"
2020-02-19 10:58:44  [ main:1689 ] - [ DEBUG ]  << "[\r][\n]"
2020-02-19 10:58:44  [ main:1690 ] - [ DEBUG ]  << "0[\r][\n]"
2020-02-19 10:58:44  [ main:1691 ] - [ DEBUG ]  << "[\r][\n]"
2020-02-19 10:58:44  [ main:1692 ] - [ DEBUG ]  Releasing connection org.apache.http.impl.conn.SingleClientConnManager$ConnAdapter@16150369
2020-02-19 10:58:45  [ main:2529 ] - [ ERROR ]  java.lang.AssertionError: 登入测试 expected [10103] but found [20103]
2020-02-19 11:05:02  [ main:1 ] - [ DEBUG ]  Get connection for route HttpRoute[{}->http://test.lemonban.com:8080]
2020-02-19 11:05:02  [ main:81 ] - [ DEBUG ]  Connecting to test.lemonban.com:8080
2020-02-19 11:05:02  [ main:183 ] - [ DEBUG ]  CookieSpec selected: best-match
2020-02-19 11:05:02  [ main:238 ] - [ DEBUG ]  Auth cache not set in the context
2020-02-19 11:05:02  [ main:240 ] - [ DEBUG ]  Attempt 1 to execute request
2020-02-19 11:05:02  [ main:242 ] - [ DEBUG ]  Sending request: POST /futureloan/mvc/api/member/register HTTP/1.1
2020-02-19 11:05:02  [ main:247 ] - [ DEBUG ]  >> "POST /futureloan/mvc/api/member/register HTTP/1.1[\r][\n]"
2020-02-19 11:05:02  [ main:252 ] - [ DEBUG ]  >> "Content-Length: 44[\r][\n]"
2020-02-19 11:05:02  [ main:254 ] - [ DEBUG ]  >> "Content-Type: application/json[\r][\n]"
2020-02-19 11:05:02  [ main:255 ] - [ DEBUG ]  >> "Host: test.lemonban.com:8080[\r][\n]"
2020-02-19 11:05:02  [ main:256 ] - [ DEBUG ]  >> "Connection: Keep-Alive[\r][\n]"
2020-02-19 11:05:02  [ main:257 ] - [ DEBUG ]  >> "User-Agent: Apache-HttpClient/4.1.2 (java 1.5)[\r][\n]"
2020-02-19 11:05:02  [ main:259 ] - [ DEBUG ]  >> "[\r][\n]"
2020-02-19 11:05:03  [ main:272 ] - [ DEBUG ]  >> POST /futureloan/mvc/api/member/register HTTP/1.1
2020-02-19 11:05:03  [ main:273 ] - [ DEBUG ]  >> Content-Length: 44
2020-02-19 11:05:03  [ main:273 ] - [ DEBUG ]  >> Content-Type: application/json
2020-02-19 11:05:03  [ main:279 ] - [ DEBUG ]  >> Host: test.lemonban.com:8080
2020-02-19 11:05:03  [ main:280 ] - [ DEBUG ]  >> Connection: Keep-Alive
2020-02-19 11:05:03  [ main:281 ] - [ DEBUG ]  >> User-Agent: Apache-HttpClient/4.1.2 (java 1.5)
2020-02-19 11:05:03  [ main:285 ] - [ DEBUG ]  >> "{"mobilephone":"15268890987","pwd":"123456"}"
2020-02-19 11:05:03  [ main:323 ] - [ DEBUG ]  << "HTTP/1.1 200 OK[\r][\n]"
2020-02-19 11:05:03  [ main:333 ] - [ DEBUG ]  << "Server: Apache-Coyote/1.1[\r][\n]"
2020-02-19 11:05:03  [ main:334 ] - [ DEBUG ]  << "Content-Type: application/json;charset=UTF-8[\r][\n]"
2020-02-19 11:05:03  [ main:335 ] - [ DEBUG ]  << "Transfer-Encoding: chunked[\r][\n]"
2020-02-19 11:05:03  [ main:336 ] - [ DEBUG ]  << "Date: Wed, 19 Feb 2020 03:05:06 GMT[\r][\n]"
2020-02-19 11:05:03  [ main:336 ] - [ DEBUG ]  << "[\r][\n]"
2020-02-19 11:05:03  [ main:339 ] - [ DEBUG ]  Receiving response: HTTP/1.1 200 OK
2020-02-19 11:05:03  [ main:340 ] - [ DEBUG ]  << HTTP/1.1 200 OK
2020-02-19 11:05:03  [ main:340 ] - [ DEBUG ]  << Server: Apache-Coyote/1.1
2020-02-19 11:05:03  [ main:341 ] - [ DEBUG ]  << Content-Type: application/json;charset=UTF-8
2020-02-19 11:05:03  [ main:342 ] - [ DEBUG ]  << Transfer-Encoding: chunked
2020-02-19 11:05:03  [ main:343 ] - [ DEBUG ]  << Date: Wed, 19 Feb 2020 03:05:06 GMT
2020-02-19 11:05:03  [ main:367 ] - [ DEBUG ]  Connection can be kept alive indefinitely
2020-02-19 11:05:03  [ main:377 ] - [ DEBUG ]  << "45[\r][\n]"
2020-02-19 11:05:03  [ main:379 ] - [ DEBUG ]  << "{"status":0,"code":"20103","data":null,"msg":"[0xe6][0x89][0x8b][0xe6][0x9c][0xba][0xe5][0x8f][0xb7][0xe4][0xb8][0x8d][0xe8][0x83][0xbd][0xe4][0xb8][0xba][0xe7][0xa9][0xba]"}"
2020-02-19 11:05:03  [ main:380 ] - [ DEBUG ]  << "[\r][\n]"
2020-02-19 11:05:03  [ main:381 ] - [ DEBUG ]  << "0[\r][\n]"
2020-02-19 11:05:03  [ main:382 ] - [ DEBUG ]  << "[\r][\n]"
2020-02-19 11:05:03  [ main:383 ] - [ DEBUG ]  Releasing connection org.apache.http.impl.conn.SingleClientConnManager$ConnAdapter@f5acb9d
2020-02-19 11:05:04  [ main:1785 ] - [ ERROR ]  java.lang.AssertionError: 登入测试 expected [10103] but found [20103]
2020-02-19 11:05:04  [ main:1804 ] - [ DEBUG ]  Get connection for route HttpRoute[{}->http://test.lemonban.com:8080]
2020-02-19 11:05:04  [ main:1807 ] - [ DEBUG ]  Stale connection check
2020-02-19 11:05:04  [ main:1810 ] - [ DEBUG ]  CookieSpec selected: best-match
2020-02-19 11:05:04  [ main:1811 ] - [ DEBUG ]  Auth cache not set in the context
2020-02-19 11:05:04  [ main:1812 ] - [ DEBUG ]  Attempt 1 to execute request
2020-02-19 11:05:04  [ main:1813 ] - [ DEBUG ]  Sending request: POST /futureloan/mvc/api/member/register HTTP/1.1
2020-02-19 11:05:04  [ main:1814 ] - [ DEBUG ]  >> "POST /futureloan/mvc/api/member/register HTTP/1.1[\r][\n]"
2020-02-19 11:05:04  [ main:1815 ] - [ DEBUG ]  >> "Content-Length: 43[\r][\n]"
2020-02-19 11:05:04  [ main:1816 ] - [ DEBUG ]  >> "Content-Type: application/json[\r][\n]"
2020-02-19 11:05:04  [ main:1817 ] - [ DEBUG ]  >> "Host: test.lemonban.com:8080[\r][\n]"
2020-02-19 11:05:04  [ main:1818 ] - [ DEBUG ]  >> "Connection: Keep-Alive[\r][\n]"
2020-02-19 11:05:04  [ main:1818 ] - [ DEBUG ]  >> "User-Agent: Apache-HttpClient/4.1.2 (java 1.5)[\r][\n]"
2020-02-19 11:05:04  [ main:1819 ] - [ DEBUG ]  >> "[\r][\n]"
2020-02-19 11:05:04  [ main:1819 ] - [ DEBUG ]  >> POST /futureloan/mvc/api/member/register HTTP/1.1
2020-02-19 11:05:04  [ main:1820 ] - [ DEBUG ]  >> Content-Length: 43
2020-02-19 11:05:04  [ main:1821 ] - [ DEBUG ]  >> Content-Type: application/json
2020-02-19 11:05:04  [ main:1821 ] - [ DEBUG ]  >> Host: test.lemonban.com:8080
2020-02-19 11:05:04  [ main:1822 ] - [ DEBUG ]  >> Connection: Keep-Alive
2020-02-19 11:05:04  [ main:1822 ] - [ DEBUG ]  >> User-Agent: Apache-HttpClient/4.1.2 (java 1.5)
2020-02-19 11:05:04  [ main:1823 ] - [ DEBUG ]  >> "{"mobilephone":"55555555555","pwd":"12346"}"
2020-02-19 11:05:04  [ main:1859 ] - [ DEBUG ]  << "HTTP/1.1 200 OK[\r][\n]"
2020-02-19 11:05:04  [ main:1860 ] - [ DEBUG ]  << "Server: Apache-Coyote/1.1[\r][\n]"
2020-02-19 11:05:04  [ main:1861 ] - [ DEBUG ]  << "Content-Type: application/json;charset=UTF-8[\r][\n]"
2020-02-19 11:05:04  [ main:1863 ] - [ DEBUG ]  << "Transfer-Encoding: chunked[\r][\n]"
2020-02-19 11:05:04  [ main:1864 ] - [ DEBUG ]  << "Date: Wed, 19 Feb 2020 03:05:07 GMT[\r][\n]"
2020-02-19 11:05:04  [ main:1866 ] - [ DEBUG ]  << "[\r][\n]"
2020-02-19 11:05:04  [ main:1867 ] - [ DEBUG ]  Receiving response: HTTP/1.1 200 OK
2020-02-19 11:05:04  [ main:1868 ] - [ DEBUG ]  << HTTP/1.1 200 OK
2020-02-19 11:05:04  [ main:1869 ] - [ DEBUG ]  << Server: Apache-Coyote/1.1
2020-02-19 11:05:04  [ main:1870 ] - [ DEBUG ]  << Content-Type: application/json;charset=UTF-8
2020-02-19 11:05:04  [ main:1871 ] - [ DEBUG ]  << Transfer-Encoding: chunked
2020-02-19 11:05:04  [ main:1872 ] - [ DEBUG ]  << Date: Wed, 19 Feb 2020 03:05:07 GMT
2020-02-19 11:05:04  [ main:1873 ] - [ DEBUG ]  Connection can be kept alive indefinitely
2020-02-19 11:05:04  [ main:1874 ] - [ DEBUG ]  << "45[\r][\n]"
2020-02-19 11:05:04  [ main:1877 ] - [ DEBUG ]  << "{"status":0,"code":"20103","data":null,"msg":"[0xe6][0x89][0x8b][0xe6][0x9c][0xba][0xe5][0x8f][0xb7][0xe4][0xb8][0x8d][0xe8][0x83][0xbd][0xe4][0xb8][0xba][0xe7][0xa9][0xba]"}"
2020-02-19 11:05:04  [ main:1878 ] - [ DEBUG ]  << "[\r][\n]"
2020-02-19 11:05:04  [ main:1879 ] - [ DEBUG ]  << "0[\r][\n]"
2020-02-19 11:05:04  [ main:1880 ] - [ DEBUG ]  << "[\r][\n]"
2020-02-19 11:05:04  [ main:1881 ] - [ DEBUG ]  Releasing connection org.apache.http.impl.conn.SingleClientConnManager$ConnAdapter@16150369
2020-02-19 11:05:05  [ main:2510 ] - [ ERROR ]  java.lang.AssertionError: 登入测试 expected [10103] but found [20103]
2020-02-19 11:09:19  [ main:0 ] - [ DEBUG ]  Get connection for route HttpRoute[{}->http://test.lemonban.com:8080]
2020-02-19 11:09:19  [ main:61 ] - [ DEBUG ]  Connecting to test.lemonban.com:8080
2020-02-19 11:09:19  [ main:162 ] - [ DEBUG ]  CookieSpec selected: best-match
2020-02-19 11:09:19  [ main:214 ] - [ DEBUG ]  Auth cache not set in the context
2020-02-19 11:09:19  [ main:215 ] - [ DEBUG ]  Attempt 1 to execute request
2020-02-19 11:09:19  [ main:216 ] - [ DEBUG ]  Sending request: POST /futureloan/mvc/api/member/register HTTP/1.1
2020-02-19 11:09:19  [ main:220 ] - [ DEBUG ]  >> "POST /futureloan/mvc/api/member/register HTTP/1.1[\r][\n]"
2020-02-19 11:09:19  [ main:229 ] - [ DEBUG ]  >> "Content-Length: 44[\r][\n]"
2020-02-19 11:09:19  [ main:230 ] - [ DEBUG ]  >> "Content-Type: application/json[\r][\n]"
2020-02-19 11:09:19  [ main:231 ] - [ DEBUG ]  >> "Host: test.lemonban.com:8080[\r][\n]"
2020-02-19 11:09:19  [ main:232 ] - [ DEBUG ]  >> "Connection: Keep-Alive[\r][\n]"
2020-02-19 11:09:19  [ main:233 ] - [ DEBUG ]  >> "User-Agent: Apache-HttpClient/4.1.2 (java 1.5)[\r][\n]"
2020-02-19 11:09:19  [ main:245 ] - [ DEBUG ]  >> "[\r][\n]"
2020-02-19 11:09:19  [ main:246 ] - [ DEBUG ]  >> POST /futureloan/mvc/api/member/register HTTP/1.1
2020-02-19 11:09:19  [ main:247 ] - [ DEBUG ]  >> Content-Length: 44
2020-02-19 11:09:19  [ main:249 ] - [ DEBUG ]  >> Content-Type: application/json
2020-02-19 11:09:19  [ main:256 ] - [ DEBUG ]  >> Host: test.lemonban.com:8080
2020-02-19 11:09:19  [ main:257 ] - [ DEBUG ]  >> Connection: Keep-Alive
2020-02-19 11:09:19  [ main:258 ] - [ DEBUG ]  >> User-Agent: Apache-HttpClient/4.1.2 (java 1.5)
2020-02-19 11:09:19  [ main:260 ] - [ DEBUG ]  >> "{"mobilephone":"15268890987","pwd":"123456"}"
2020-02-19 11:09:19  [ main:295 ] - [ DEBUG ]  << "HTTP/1.1 200 OK[\r][\n]"
2020-02-19 11:09:19  [ main:304 ] - [ DEBUG ]  << "Server: Apache-Coyote/1.1[\r][\n]"
2020-02-19 11:09:19  [ main:305 ] - [ DEBUG ]  << "Content-Type: application/json;charset=UTF-8[\r][\n]"
2020-02-19 11:09:19  [ main:306 ] - [ DEBUG ]  << "Transfer-Encoding: chunked[\r][\n]"
2020-02-19 11:09:19  [ main:307 ] - [ DEBUG ]  << "Date: Wed, 19 Feb 2020 03:09:22 GMT[\r][\n]"
2020-02-19 11:09:19  [ main:308 ] - [ DEBUG ]  << "[\r][\n]"
2020-02-19 11:09:19  [ main:312 ] - [ DEBUG ]  Receiving response: HTTP/1.1 200 OK
2020-02-19 11:09:19  [ main:313 ] - [ DEBUG ]  << HTTP/1.1 200 OK
2020-02-19 11:09:19  [ main:314 ] - [ DEBUG ]  << Server: Apache-Coyote/1.1
2020-02-19 11:09:19  [ main:314 ] - [ DEBUG ]  << Content-Type: application/json;charset=UTF-8
2020-02-19 11:09:19  [ main:315 ] - [ DEBUG ]  << Transfer-Encoding: chunked
2020-02-19 11:09:19  [ main:316 ] - [ DEBUG ]  << Date: Wed, 19 Feb 2020 03:09:22 GMT
2020-02-19 11:09:19  [ main:339 ] - [ DEBUG ]  Connection can be kept alive indefinitely
2020-02-19 11:09:19  [ main:349 ] - [ DEBUG ]  << "45[\r][\n]"
2020-02-19 11:09:19  [ main:350 ] - [ DEBUG ]  << "{"status":0,"code":"20103","data":null,"msg":"[0xe6][0x89][0x8b][0xe6][0x9c][0xba][0xe5][0x8f][0xb7][0xe4][0xb8][0x8d][0xe8][0x83][0xbd][0xe4][0xb8][0xba][0xe7][0xa9][0xba]"}"
2020-02-19 11:09:19  [ main:351 ] - [ DEBUG ]  << "[\r][\n]"
2020-02-19 11:09:19  [ main:352 ] - [ DEBUG ]  << "0[\r][\n]"
2020-02-19 11:09:19  [ main:353 ] - [ DEBUG ]  << "[\r][\n]"
2020-02-19 11:09:19  [ main:354 ] - [ DEBUG ]  Releasing connection org.apache.http.impl.conn.SingleClientConnManager$ConnAdapter@f5acb9d
2020-02-19 11:09:20  [ main:1634 ] - [ ERROR ]  java.lang.AssertionError: 登入测试 expected [10103] but found [20103]
2020-02-19 11:09:20  [ main:1653 ] - [ DEBUG ]  Get connection for route HttpRoute[{}->http://test.lemonban.com:8080]
2020-02-19 11:09:20  [ main:1656 ] - [ DEBUG ]  Stale connection check
2020-02-19 11:09:20  [ main:1660 ] - [ DEBUG ]  CookieSpec selected: best-match
2020-02-19 11:09:20  [ main:1663 ] - [ DEBUG ]  Auth cache not set in the context
2020-02-19 11:09:20  [ main:1664 ] - [ DEBUG ]  Attempt 1 to execute request
2020-02-19 11:09:20  [ main:1664 ] - [ DEBUG ]  Sending request: POST /futureloan/mvc/api/member/register HTTP/1.1
2020-02-19 11:09:20  [ main:1665 ] - [ DEBUG ]  >> "POST /futureloan/mvc/api/member/register HTTP/1.1[\r][\n]"
2020-02-19 11:09:20  [ main:1666 ] - [ DEBUG ]  >> "Content-Length: 43[\r][\n]"
2020-02-19 11:09:20  [ main:1666 ] - [ DEBUG ]  >> "Content-Type: application/json[\r][\n]"
2020-02-19 11:09:20  [ main:1667 ] - [ DEBUG ]  >> "Host: test.lemonban.com:8080[\r][\n]"
2020-02-19 11:09:20  [ main:1668 ] - [ DEBUG ]  >> "Connection: Keep-Alive[\r][\n]"
2020-02-19 11:09:20  [ main:1668 ] - [ DEBUG ]  >> "User-Agent: Apache-HttpClient/4.1.2 (java 1.5)[\r][\n]"
2020-02-19 11:09:20  [ main:1669 ] - [ DEBUG ]  >> "[\r][\n]"
2020-02-19 11:09:20  [ main:1671 ] - [ DEBUG ]  >> POST /futureloan/mvc/api/member/register HTTP/1.1
2020-02-19 11:09:20  [ main:1671 ] - [ DEBUG ]  >> Content-Length: 43
2020-02-19 11:09:20  [ main:1672 ] - [ DEBUG ]  >> Content-Type: application/json
2020-02-19 11:09:20  [ main:1673 ] - [ DEBUG ]  >> Host: test.lemonban.com:8080
2020-02-19 11:09:20  [ main:1674 ] - [ DEBUG ]  >> Connection: Keep-Alive
2020-02-19 11:09:20  [ main:1675 ] - [ DEBUG ]  >> User-Agent: Apache-HttpClient/4.1.2 (java 1.5)
2020-02-19 11:09:20  [ main:1676 ] - [ DEBUG ]  >> "{"mobilephone":"55555555555","pwd":"12346"}"
2020-02-19 11:09:20  [ main:1710 ] - [ DEBUG ]  << "HTTP/1.1 200 OK[\r][\n]"
2020-02-19 11:09:20  [ main:1711 ] - [ DEBUG ]  << "Server: Apache-Coyote/1.1[\r][\n]"
2020-02-19 11:09:20  [ main:1712 ] - [ DEBUG ]  << "Content-Type: application/json;charset=UTF-8[\r][\n]"
2020-02-19 11:09:20  [ main:1713 ] - [ DEBUG ]  << "Transfer-Encoding: chunked[\r][\n]"
2020-02-19 11:09:20  [ main:1714 ] - [ DEBUG ]  << "Date: Wed, 19 Feb 2020 03:09:24 GMT[\r][\n]"
2020-02-19 11:09:20  [ main:1715 ] - [ DEBUG ]  << "[\r][\n]"
2020-02-19 11:09:20  [ main:1716 ] - [ DEBUG ]  Receiving response: HTTP/1.1 200 OK
2020-02-19 11:09:20  [ main:1717 ] - [ DEBUG ]  << HTTP/1.1 200 OK
2020-02-19 11:09:20  [ main:1718 ] - [ DEBUG ]  << Server: Apache-Coyote/1.1
2020-02-19 11:09:20  [ main:1719 ] - [ DEBUG ]  << Content-Type: application/json;charset=UTF-8
2020-02-19 11:09:20  [ main:1720 ] - [ DEBUG ]  << Transfer-Encoding: chunked
2020-02-19 11:09:20  [ main:1721 ] - [ DEBUG ]  << Date: Wed, 19 Feb 2020 03:09:24 GMT
2020-02-19 11:09:20  [ main:1722 ] - [ DEBUG ]  Connection can be kept alive indefinitely
2020-02-19 11:09:20  [ main:1723 ] - [ DEBUG ]  << "45[\r][\n]"
2020-02-19 11:09:20  [ main:1724 ] - [ DEBUG ]  << "{"status":0,"code":"20103","data":null,"msg":"[0xe6][0x89][0x8b][0xe6][0x9c][0xba][0xe5][0x8f][0xb7][0xe4][0xb8][0x8d][0xe8][0x83][0xbd][0xe4][0xb8][0xba][0xe7][0xa9][0xba]"}"
2020-02-19 11:09:20  [ main:1725 ] - [ DEBUG ]  << "[\r][\n]"
2020-02-19 11:09:20  [ main:1726 ] - [ DEBUG ]  << "0[\r][\n]"
2020-02-19 11:09:20  [ main:1727 ] - [ DEBUG ]  << "[\r][\n]"
2020-02-19 11:09:20  [ main:1730 ] - [ DEBUG ]  Releasing connection org.apache.http.impl.conn.SingleClientConnManager$ConnAdapter@16150369
2020-02-19 11:09:21  [ main:2586 ] - [ ERROR ]  java.lang.AssertionError: 登入测试 expected [10103] but found [20103]
2020-02-19 11:13:47  [ main:0 ] - [ DEBUG ]  Get connection for route HttpRoute[{}->http://test.lemonban.com:8080]
2020-02-19 11:13:47  [ main:53 ] - [ DEBUG ]  Connecting to test.lemonban.com:8080
2020-02-19 11:13:47  [ main:150 ] - [ DEBUG ]  CookieSpec selected: best-match
2020-02-19 11:13:47  [ main:198 ] - [ DEBUG ]  Auth cache not set in the context
2020-02-19 11:13:47  [ main:200 ] - [ DEBUG ]  Attempt 1 to execute request
2020-02-19 11:13:47  [ main:201 ] - [ DEBUG ]  Sending request: POST /futureloan/mvc/api/member/register HTTP/1.1
2020-02-19 11:13:47  [ main:204 ] - [ DEBUG ]  >> "POST /futureloan/mvc/api/member/register HTTP/1.1[\r][\n]"
2020-02-19 11:13:47  [ main:208 ] - [ DEBUG ]  >> "Content-Length: 44[\r][\n]"
2020-02-19 11:13:47  [ main:209 ] - [ DEBUG ]  >> "Content-Type: application/json[\r][\n]"
2020-02-19 11:13:47  [ main:210 ] - [ DEBUG ]  >> "Host: test.lemonban.com:8080[\r][\n]"
2020-02-19 11:13:47  [ main:211 ] - [ DEBUG ]  >> "Connection: Keep-Alive[\r][\n]"
2020-02-19 11:13:47  [ main:214 ] - [ DEBUG ]  >> "User-Agent: Apache-HttpClient/4.1.2 (java 1.5)[\r][\n]"
2020-02-19 11:13:47  [ main:232 ] - [ DEBUG ]  >> "[\r][\n]"
2020-02-19 11:13:47  [ main:234 ] - [ DEBUG ]  >> POST /futureloan/mvc/api/member/register HTTP/1.1
2020-02-19 11:13:47  [ main:235 ] - [ DEBUG ]  >> Content-Length: 44
2020-02-19 11:13:47  [ main:236 ] - [ DEBUG ]  >> Content-Type: application/json
2020-02-19 11:13:47  [ main:254 ] - [ DEBUG ]  >> Host: test.lemonban.com:8080
2020-02-19 11:13:47  [ main:278 ] - [ DEBUG ]  >> Connection: Keep-Alive
2020-02-19 11:13:47  [ main:279 ] - [ DEBUG ]  >> User-Agent: Apache-HttpClient/4.1.2 (java 1.5)
2020-02-19 11:13:47  [ main:283 ] - [ DEBUG ]  >> "{"mobilephone":"15268890987","pwd":"123456"}"
2020-02-19 11:13:47  [ main:331 ] - [ DEBUG ]  << "HTTP/1.1 200 OK[\r][\n]"
2020-02-19 11:13:47  [ main:342 ] - [ DEBUG ]  << "Server: Apache-Coyote/1.1[\r][\n]"
2020-02-19 11:13:47  [ main:343 ] - [ DEBUG ]  << "Content-Type: application/json;charset=UTF-8[\r][\n]"
2020-02-19 11:13:47  [ main:344 ] - [ DEBUG ]  << "Transfer-Encoding: chunked[\r][\n]"
2020-02-19 11:13:47  [ main:345 ] - [ DEBUG ]  << "Date: Wed, 19 Feb 2020 03:13:51 GMT[\r][\n]"
2020-02-19 11:13:47  [ main:346 ] - [ DEBUG ]  << "[\r][\n]"
2020-02-19 11:13:47  [ main:351 ] - [ DEBUG ]  Receiving response: HTTP/1.1 200 OK
2020-02-19 11:13:47  [ main:352 ] - [ DEBUG ]  << HTTP/1.1 200 OK
2020-02-19 11:13:47  [ main:353 ] - [ DEBUG ]  << Server: Apache-Coyote/1.1
2020-02-19 11:13:47  [ main:354 ] - [ DEBUG ]  << Content-Type: application/json;charset=UTF-8
2020-02-19 11:13:47  [ main:355 ] - [ DEBUG ]  << Transfer-Encoding: chunked
2020-02-19 11:13:47  [ main:356 ] - [ DEBUG ]  << Date: Wed, 19 Feb 2020 03:13:51 GMT
2020-02-19 11:13:47  [ main:381 ] - [ DEBUG ]  Connection can be kept alive indefinitely
2020-02-19 11:13:47  [ main:392 ] - [ DEBUG ]  << "45[\r][\n]"
2020-02-19 11:13:47  [ main:393 ] - [ DEBUG ]  << "{"status":0,"code":"20103","data":null,"msg":"[0xe6][0x89][0x8b][0xe6][0x9c][0xba][0xe5][0x8f][0xb7][0xe4][0xb8][0x8d][0xe8][0x83][0xbd][0xe4][0xb8][0xba][0xe7][0xa9][0xba]"}"
2020-02-19 11:13:47  [ main:394 ] - [ DEBUG ]  << "[\r][\n]"
2020-02-19 11:13:47  [ main:394 ] - [ DEBUG ]  << "0[\r][\n]"
2020-02-19 11:13:47  [ main:395 ] - [ DEBUG ]  << "[\r][\n]"
2020-02-19 11:13:47  [ main:396 ] - [ DEBUG ]  Releasing connection org.apache.http.impl.conn.SingleClientConnManager$ConnAdapter@5d7148e2
2020-02-19 11:13:49  [ main:1852 ] - [ ERROR ]  java.lang.AssertionError: 登入测试 expected [10103] but found [20103]
2020-02-19 11:13:49  [ main:1874 ] - [ DEBUG ]  Get connection for route HttpRoute[{}->http://test.lemonban.com:8080]
2020-02-19 11:13:49  [ main:1878 ] - [ DEBUG ]  Stale connection check
2020-02-19 11:13:49  [ main:1885 ] - [ DEBUG ]  CookieSpec selected: best-match
2020-02-19 11:13:49  [ main:1886 ] - [ DEBUG ]  Auth cache not set in the context
2020-02-19 11:13:49  [ main:1887 ] - [ DEBUG ]  Attempt 1 to execute request
2020-02-19 11:13:49  [ main:1888 ] - [ DEBUG ]  Sending request: POST /futureloan/mvc/api/member/register HTTP/1.1
2020-02-19 11:13:49  [ main:1889 ] - [ DEBUG ]  >> "POST /futureloan/mvc/api/member/register HTTP/1.1[\r][\n]"
2020-02-19 11:13:49  [ main:1890 ] - [ DEBUG ]  >> "Content-Length: 43[\r][\n]"
2020-02-19 11:13:49  [ main:1891 ] - [ DEBUG ]  >> "Content-Type: application/json[\r][\n]"
2020-02-19 11:13:49  [ main:1892 ] - [ DEBUG ]  >> "Host: test.lemonban.com:8080[\r][\n]"
2020-02-19 11:13:49  [ main:1893 ] - [ DEBUG ]  >> "Connection: Keep-Alive[\r][\n]"
2020-02-19 11:13:49  [ main:1894 ] - [ DEBUG ]  >> "User-Agent: Apache-HttpClient/4.1.2 (java 1.5)[\r][\n]"
2020-02-19 11:13:49  [ main:1894 ] - [ DEBUG ]  >> "[\r][\n]"
2020-02-19 11:13:49  [ main:1895 ] - [ DEBUG ]  >> POST /futureloan/mvc/api/member/register HTTP/1.1
2020-02-19 11:13:49  [ main:1897 ] - [ DEBUG ]  >> Content-Length: 43
2020-02-19 11:13:49  [ main:1898 ] - [ DEBUG ]  >> Content-Type: application/json
2020-02-19 11:13:49  [ main:1899 ] - [ DEBUG ]  >> Host: test.lemonban.com:8080
2020-02-19 11:13:49  [ main:1900 ] - [ DEBUG ]  >> Connection: Keep-Alive
2020-02-19 11:13:49  [ main:1900 ] - [ DEBUG ]  >> User-Agent: Apache-HttpClient/4.1.2 (java 1.5)
2020-02-19 11:13:49  [ main:1901 ] - [ DEBUG ]  >> "{"mobilephone":"55555555555","pwd":"12346"}"
2020-02-19 11:13:49  [ main:1938 ] - [ DEBUG ]  << "HTTP/1.1 200 OK[\r][\n]"
2020-02-19 11:13:49  [ main:1939 ] - [ DEBUG ]  << "Server: Apache-Coyote/1.1[\r][\n]"
2020-02-19 11:13:49  [ main:1941 ] - [ DEBUG ]  << "Content-Type: application/json;charset=UTF-8[\r][\n]"
2020-02-19 11:13:49  [ main:1942 ] - [ DEBUG ]  << "Transfer-Encoding: chunked[\r][\n]"
2020-02-19 11:13:49  [ main:1943 ] - [ DEBUG ]  << "Date: Wed, 19 Feb 2020 03:13:52 GMT[\r][\n]"
2020-02-19 11:13:49  [ main:1944 ] - [ DEBUG ]  << "[\r][\n]"
2020-02-19 11:13:49  [ main:1945 ] - [ DEBUG ]  Receiving response: HTTP/1.1 200 OK
2020-02-19 11:13:49  [ main:1946 ] - [ DEBUG ]  << HTTP/1.1 200 OK
2020-02-19 11:13:49  [ main:1948 ] - [ DEBUG ]  << Server: Apache-Coyote/1.1
2020-02-19 11:13:49  [ main:1950 ] - [ DEBUG ]  << Content-Type: application/json;charset=UTF-8
2020-02-19 11:13:49  [ main:1951 ] - [ DEBUG ]  << Transfer-Encoding: chunked
2020-02-19 11:13:49  [ main:1953 ] - [ DEBUG ]  << Date: Wed, 19 Feb 2020 03:13:52 GMT
2020-02-19 11:13:49  [ main:1954 ] - [ DEBUG ]  Connection can be kept alive indefinitely
2020-02-19 11:13:49  [ main:1956 ] - [ DEBUG ]  << "45[\r][\n]"
2020-02-19 11:13:49  [ main:1957 ] - [ DEBUG ]  << "{"status":0,"code":"20103","data":null,"msg":"[0xe6][0x89][0x8b][0xe6][0x9c][0xba][0xe5][0x8f][0xb7][0xe4][0xb8][0x8d][0xe8][0x83][0xbd][0xe4][0xb8][0xba][0xe7][0xa9][0xba]"}"
2020-02-19 11:13:49  [ main:1958 ] - [ DEBUG ]  << "[\r][\n]"
2020-02-19 11:13:49  [ main:1959 ] - [ DEBUG ]  << "0[\r][\n]"
2020-02-19 11:13:49  [ main:1960 ] - [ DEBUG ]  << "[\r][\n]"
2020-02-19 11:13:49  [ main:1961 ] - [ DEBUG ]  Releasing connection org.apache.http.impl.conn.SingleClientConnManager$ConnAdapter@6b09fb41
2020-02-19 11:13:50  [ main:2760 ] - [ ERROR ]  java.lang.AssertionError: 登入测试 expected [10103] but found [20103]
2020-02-19 11:13:51  [ main:3648 ] - [ DEBUG ]  Couldn't find template in cache for "index.ftl"("en", UTF-8, parsed); will try to load it.
2020-02-19 11:13:51  [ main:3652 ] - [ DEBUG ]  TemplateLoader.findTemplateSource("index_en.ftl"): Not found
2020-02-19 11:13:51  [ main:3660 ] - [ DEBUG ]  TemplateLoader.findTemplateSource("index.ftl"): Found
2020-02-19 11:13:51  [ main:3662 ] - [ DEBUG ]  Loading template for "index.ftl"("en", UTF-8, parsed) from "jar:file:/C:/Users/78762/.m2/repository/com/aventstack/extentreports/3.0.6/extentreports-3.0.6.jar!/com/aventstack/extentreports/view/html-report/index.ftl"
2020-02-19 11:13:52  [ main:4478 ] - [ DEBUG ]  Couldn't find template in cache for "head.ftl"("en", UTF-8, parsed); will try to load it.
2020-02-19 11:13:52  [ main:4480 ] - [ DEBUG ]  TemplateLoader.findTemplateSource("head_en.ftl"): Not found
2020-02-19 11:13:52  [ main:4483 ] - [ DEBUG ]  TemplateLoader.findTemplateSource("head.ftl"): Found
2020-02-19 11:13:52  [ main:4484 ] - [ DEBUG ]  Loading template for "head.ftl"("en", UTF-8, parsed) from "jar:file:/C:/Users/78762/.m2/repository/com/aventstack/extentreports/3.0.6/extentreports-3.0.6.jar!/com/aventstack/extentreports/view/html-report/head.ftl"
2020-02-19 11:13:52  [ main:4492 ] - [ DEBUG ]  Couldn't find template in cache for "nav.ftl"("en", UTF-8, parsed); will try to load it.
2020-02-19 11:13:52  [ main:4495 ] - [ DEBUG ]  TemplateLoader.findTemplateSource("nav_en.ftl"): Not found
2020-02-19 11:13:52  [ main:4498 ] - [ DEBUG ]  TemplateLoader.findTemplateSource("nav.ftl"): Found
2020-02-19 11:13:52  [ main:4499 ] - [ DEBUG ]  Loading template for "nav.ftl"("en", UTF-8, parsed) from "jar:file:/C:/Users/78762/.m2/repository/com/aventstack/extentreports/3.0.6/extentreports-3.0.6.jar!/com/aventstack/extentreports/view/html-report/nav.ftl"
2020-02-19 11:13:52  [ main:4534 ] - [ DEBUG ]  Couldn't find template in cache for "test-view/test-view.ftl"("en", UTF-8, parsed); will try to load it.
2020-02-19 11:13:52  [ main:4536 ] - [ DEBUG ]  TemplateLoader.findTemplateSource("test-view/test-view_en.ftl"): Not found
2020-02-19 11:13:52  [ main:4538 ] - [ DEBUG ]  TemplateLoader.findTemplateSource("test-view/test-view.ftl"): Found
2020-02-19 11:13:52  [ main:4539 ] - [ DEBUG ]  Loading template for "test-view/test-view.ftl"("en", UTF-8, parsed) from "jar:file:/C:/Users/78762/.m2/repository/com/aventstack/extentreports/3.0.6/extentreports-3.0.6.jar!/com/aventstack/extentreports/view/html-report/test-view/test-view.ftl"
2020-02-19 11:13:52  [ main:4580 ] - [ DEBUG ]  Couldn't find template in cache for "test-view/test-view-charts.ftl"("en", UTF-8, parsed); will try to load it.
2020-02-19 11:13:52  [ main:4582 ] - [ DEBUG ]  TemplateLoader.findTemplateSource("test-view/test-view-charts_en.ftl"): Not found
2020-02-19 11:13:52  [ main:4584 ] - [ DEBUG ]  TemplateLoader.findTemplateSource("test-view/test-view-charts.ftl"): Found
2020-02-19 11:13:52  [ main:4585 ] - [ DEBUG ]  Loading template for "test-view/test-view-charts.ftl"("en", UTF-8, parsed) from "jar:file:/C:/Users/78762/.m2/repository/com/aventstack/extentreports/3.0.6/extentreports-3.0.6.jar!/com/aventstack/extentreports/view/html-report/test-view/test-view-charts.ftl"
2020-02-19 11:13:52  [ main:4651 ] - [ DEBUG ]  Couldn't find template in cache for "test-view/standard.ftl"("en", UTF-8, parsed); will try to load it.
2020-02-19 11:13:52  [ main:4653 ] - [ DEBUG ]  TemplateLoader.findTemplateSource("test-view/standard_en.ftl"): Not found
2020-02-19 11:13:52  [ main:4656 ] - [ DEBUG ]  TemplateLoader.findTemplateSource("test-view/standard.ftl"): Found
2020-02-19 11:13:52  [ main:4657 ] - [ DEBUG ]  Loading template for "test-view/standard.ftl"("en", UTF-8, parsed) from "jar:file:/C:/Users/78762/.m2/repository/com/aventstack/extentreports/3.0.6/extentreports-3.0.6.jar!/com/aventstack/extentreports/view/html-report/test-view/standard.ftl"
2020-02-19 11:13:52  [ main:4729 ] - [ DEBUG ]  "test-view/standard.ftl"("en", UTF-8, parsed) cached copy not yet stale; using cached.
2020-02-19 11:13:52  [ main:4733 ] - [ DEBUG ]  Couldn't find template in cache for "category-view/category-view.ftl"("en", UTF-8, parsed); will try to load it.
2020-02-19 11:13:52  [ main:4735 ] - [ DEBUG ]  TemplateLoader.findTemplateSource("category-view/category-view_en.ftl"): Not found
2020-02-19 11:13:52  [ main:4738 ] - [ DEBUG ]  TemplateLoader.findTemplateSource("category-view/category-view.ftl"): Found
2020-02-19 11:13:52  [ main:4739 ] - [ DEBUG ]  Loading template for "category-view/category-view.ftl"("en", UTF-8, parsed) from "jar:file:/C:/Users/78762/.m2/repository/com/aventstack/extentreports/3.0.6/extentreports-3.0.6.jar!/com/aventstack/extentreports/view/html-report/category-view/category-view.ftl"
2020-02-19 11:13:52  [ main:4752 ] - [ DEBUG ]  Couldn't find template in cache for "author-view/author-view.ftl"("en", UTF-8, parsed); will try to load it.
2020-02-19 11:13:52  [ main:4754 ] - [ DEBUG ]  TemplateLoader.findTemplateSource("author-view/author-view_en.ftl"): Not found
2020-02-19 11:13:52  [ main:4756 ] - [ DEBUG ]  TemplateLoader.findTemplateSource("author-view/author-view.ftl"): Found
2020-02-19 11:13:52  [ main:4757 ] - [ DEBUG ]  Loading template for "author-view/author-view.ftl"("en", UTF-8, parsed) from "jar:file:/C:/Users/78762/.m2/repository/com/aventstack/extentreports/3.0.6/extentreports-3.0.6.jar!/com/aventstack/extentreports/view/html-report/author-view/author-view.ftl"
2020-02-19 11:13:52  [ main:4771 ] - [ DEBUG ]  Couldn't find template in cache for "exception-view/exception-view.ftl"("en", UTF-8, parsed); will try to load it.
2020-02-19 11:13:52  [ main:4774 ] - [ DEBUG ]  TemplateLoader.findTemplateSource("exception-view/exception-view_en.ftl"): Not found
2020-02-19 11:13:52  [ main:4775 ] - [ DEBUG ]  TemplateLoader.findTemplateSource("exception-view/exception-view.ftl"): Found
2020-02-19 11:13:52  [ main:4776 ] - [ DEBUG ]  Loading template for "exception-view/exception-view.ftl"("en", UTF-8, parsed) from "jar:file:/C:/Users/78762/.m2/repository/com/aventstack/extentreports/3.0.6/extentreports-3.0.6.jar!/com/aventstack/extentreports/view/html-report/exception-view/exception-view.ftl"
2020-02-19 11:13:52  [ main:4850 ] - [ DEBUG ]  Couldn't find template in cache for "dashboard-view/dashboard-view.ftl"("en", UTF-8, parsed); will try to load it.
2020-02-19 11:13:52  [ main:4852 ] - [ DEBUG ]  TemplateLoader.findTemplateSource("dashboard-view/dashboard-view_en.ftl"): Not found
2020-02-19 11:13:52  [ main:4854 ] - [ DEBUG ]  TemplateLoader.findTemplateSource("dashboard-view/dashboard-view.ftl"): Found
2020-02-19 11:13:52  [ main:4854 ] - [ DEBUG ]  Loading template for "dashboard-view/dashboard-view.ftl"("en", UTF-8, parsed) from "jar:file:/C:/Users/78762/.m2/repository/com/aventstack/extentreports/3.0.6/extentreports-3.0.6.jar!/com/aventstack/extentreports/view/html-report/dashboard-view/dashboard-view.ftl"
2020-02-19 11:13:52  [ main:4910 ] - [ DEBUG ]  Couldn't find template in cache for "logs-view/testrunner-logs-view.ftl"("en", UTF-8, parsed); will try to load it.
2020-02-19 11:13:52  [ main:4912 ] - [ DEBUG ]  TemplateLoader.findTemplateSource("logs-view/testrunner-logs-view_en.ftl"): Not found
2020-02-19 11:13:52  [ main:4916 ] - [ DEBUG ]  TemplateLoader.findTemplateSource("logs-view/testrunner-logs-view.ftl"): Found
2020-02-19 11:13:52  [ main:4928 ] - [ DEBUG ]  Loading template for "logs-view/testrunner-logs-view.ftl"("en", UTF-8, parsed) from "jar:file:/C:/Users/78762/.m2/repository/com/aventstack/extentreports/3.0.6/extentreports-3.0.6.jar!/com/aventstack/extentreports/view/html-report/logs-view/testrunner-logs-view.ftl"
2020-02-19 11:23:06  [ main:0 ] - [ DEBUG ]  Get connection for route HttpRoute[{}->http://test.lemonban.com:8080]
2020-02-19 11:23:06  [ main:70 ] - [ DEBUG ]  Connecting to test.lemonban.com:8080
2020-02-19 11:23:06  [ main:177 ] - [ DEBUG ]  CookieSpec selected: best-match
2020-02-19 11:23:06  [ main:224 ] - [ DEBUG ]  Auth cache not set in the context
2020-02-19 11:23:06  [ main:228 ] - [ DEBUG ]  Attempt 1 to execute request
2020-02-19 11:23:06  [ main:230 ] - [ DEBUG ]  Sending request: POST /futureloan/mvc/api/member/register HTTP/1.1
2020-02-19 11:23:06  [ main:237 ] - [ DEBUG ]  >> "POST /futureloan/mvc/api/member/register HTTP/1.1[\r][\n]"
2020-02-19 11:23:06  [ main:243 ] - [ DEBUG ]  >> "Content-Length: 44[\r][\n]"
2020-02-19 11:23:06  [ main:244 ] - [ DEBUG ]  >> "Content-Type: application/json[\r][\n]"
2020-02-19 11:23:06  [ main:246 ] - [ DEBUG ]  >> "Host: test.lemonban.com:8080[\r][\n]"
2020-02-19 11:23:06  [ main:246 ] - [ DEBUG ]  >> "Connection: Keep-Alive[\r][\n]"
2020-02-19 11:23:06  [ main:247 ] - [ DEBUG ]  >> "User-Agent: Apache-HttpClient/4.1.2 (java 1.5)[\r][\n]"
2020-02-19 11:23:06  [ main:259 ] - [ DEBUG ]  >> "[\r][\n]"
2020-02-19 11:23:06  [ main:261 ] - [ DEBUG ]  >> POST /futureloan/mvc/api/member/register HTTP/1.1
2020-02-19 11:23:06  [ main:262 ] - [ DEBUG ]  >> Content-Length: 44
2020-02-19 11:23:06  [ main:263 ] - [ DEBUG ]  >> Content-Type: application/json
2020-02-19 11:23:06  [ main:266 ] - [ DEBUG ]  >> Host: test.lemonban.com:8080
2020-02-19 11:23:06  [ main:267 ] - [ DEBUG ]  >> Connection: Keep-Alive
2020-02-19 11:23:06  [ main:268 ] - [ DEBUG ]  >> User-Agent: Apache-HttpClient/4.1.2 (java 1.5)
2020-02-19 11:23:06  [ main:270 ] - [ DEBUG ]  >> "{"mobilephone":"15268890987","pwd":"123456"}"
2020-02-19 11:23:06  [ main:310 ] - [ DEBUG ]  << "HTTP/1.1 200 OK[\r][\n]"
2020-02-19 11:23:06  [ main:320 ] - [ DEBUG ]  << "Server: Apache-Coyote/1.1[\r][\n]"
2020-02-19 11:23:06  [ main:321 ] - [ DEBUG ]  << "Content-Type: application/json;charset=UTF-8[\r][\n]"
2020-02-19 11:23:06  [ main:322 ] - [ DEBUG ]  << "Transfer-Encoding: chunked[\r][\n]"
2020-02-19 11:23:06  [ main:323 ] - [ DEBUG ]  << "Date: Wed, 19 Feb 2020 03:23:09 GMT[\r][\n]"
2020-02-19 11:23:06  [ main:323 ] - [ DEBUG ]  << "[\r][\n]"
2020-02-19 11:23:06  [ main:326 ] - [ DEBUG ]  Receiving response: HTTP/1.1 200 OK
2020-02-19 11:23:06  [ main:327 ] - [ DEBUG ]  << HTTP/1.1 200 OK
2020-02-19 11:23:06  [ main:328 ] - [ DEBUG ]  << Server: Apache-Coyote/1.1
2020-02-19 11:23:06  [ main:329 ] - [ DEBUG ]  << Content-Type: application/json;charset=UTF-8
2020-02-19 11:23:06  [ main:330 ] - [ DEBUG ]  << Transfer-Encoding: chunked
2020-02-19 11:23:06  [ main:330 ] - [ DEBUG ]  << Date: Wed, 19 Feb 2020 03:23:09 GMT
2020-02-19 11:23:06  [ main:353 ] - [ DEBUG ]  Connection can be kept alive indefinitely
2020-02-19 11:23:06  [ main:363 ] - [ DEBUG ]  << "45[\r][\n]"
2020-02-19 11:23:06  [ main:364 ] - [ DEBUG ]  << "{"status":0,"code":"20103","data":null,"msg":"[0xe6][0x89][0x8b][0xe6][0x9c][0xba][0xe5][0x8f][0xb7][0xe4][0xb8][0x8d][0xe8][0x83][0xbd][0xe4][0xb8][0xba][0xe7][0xa9][0xba]"}"
2020-02-19 11:23:06  [ main:364 ] - [ DEBUG ]  << "[\r][\n]"
2020-02-19 11:23:06  [ main:365 ] - [ DEBUG ]  << "0[\r][\n]"
2020-02-19 11:23:06  [ main:366 ] - [ DEBUG ]  << "[\r][\n]"
2020-02-19 11:23:06  [ main:367 ] - [ DEBUG ]  Releasing connection org.apache.http.impl.conn.SingleClientConnManager$ConnAdapter@f5acb9d
2020-02-19 11:23:08  [ main:1991 ] - [ ERROR ]  java.lang.AssertionError: 登入测试 expected [10103] but found [20103]
2020-02-19 11:23:08  [ main:2010 ] - [ DEBUG ]  Get connection for route HttpRoute[{}->http://test.lemonban.com:8080]
2020-02-19 11:23:08  [ main:2021 ] - [ DEBUG ]  Stale connection check
2020-02-19 11:23:08  [ main:2028 ] - [ DEBUG ]  CookieSpec selected: best-match
2020-02-19 11:23:08  [ main:2030 ] - [ DEBUG ]  Auth cache not set in the context
2020-02-19 11:23:08  [ main:2030 ] - [ DEBUG ]  Attempt 1 to execute request
2020-02-19 11:23:08  [ main:2031 ] - [ DEBUG ]  Sending request: POST /futureloan/mvc/api/member/register HTTP/1.1
2020-02-19 11:23:08  [ main:2032 ] - [ DEBUG ]  >> "POST /futureloan/mvc/api/member/register HTTP/1.1[\r][\n]"
2020-02-19 11:23:08  [ main:2033 ] - [ DEBUG ]  >> "Content-Length: 43[\r][\n]"
2020-02-19 11:23:08  [ main:2034 ] - [ DEBUG ]  >> "Content-Type: application/json[\r][\n]"
2020-02-19 11:23:08  [ main:2036 ] - [ DEBUG ]  >> "Host: test.lemonban.com:8080[\r][\n]"
2020-02-19 11:23:08  [ main:2037 ] - [ DEBUG ]  >> "Connection: Keep-Alive[\r][\n]"
2020-02-19 11:23:08  [ main:2039 ] - [ DEBUG ]  >> "User-Agent: Apache-HttpClient/4.1.2 (java 1.5)[\r][\n]"
2020-02-19 11:23:08  [ main:2040 ] - [ DEBUG ]  >> "[\r][\n]"
2020-02-19 11:23:08  [ main:2042 ] - [ DEBUG ]  >> POST /futureloan/mvc/api/member/register HTTP/1.1
2020-02-19 11:23:08  [ main:2043 ] - [ DEBUG ]  >> Content-Length: 43
2020-02-19 11:23:08  [ main:2046 ] - [ DEBUG ]  >> Content-Type: application/json
2020-02-19 11:23:08  [ main:2047 ] - [ DEBUG ]  >> Host: test.lemonban.com:8080
2020-02-19 11:23:08  [ main:2048 ] - [ DEBUG ]  >> Connection: Keep-Alive
2020-02-19 11:23:08  [ main:2049 ] - [ DEBUG ]  >> User-Agent: Apache-HttpClient/4.1.2 (java 1.5)
2020-02-19 11:23:08  [ main:2051 ] - [ DEBUG ]  >> "{"mobilephone":"55555555555","pwd":"12346"}"
2020-02-19 11:23:08  [ main:2091 ] - [ DEBUG ]  << "HTTP/1.1 200 OK[\r][\n]"
2020-02-19 11:23:08  [ main:2092 ] - [ DEBUG ]  << "Server: Apache-Coyote/1.1[\r][\n]"
2020-02-19 11:23:08  [ main:2094 ] - [ DEBUG ]  << "Content-Type: application/json;charset=UTF-8[\r][\n]"
2020-02-19 11:23:08  [ main:2095 ] - [ DEBUG ]  << "Transfer-Encoding: chunked[\r][\n]"
2020-02-19 11:23:08  [ main:2096 ] - [ DEBUG ]  << "Date: Wed, 19 Feb 2020 03:23:11 GMT[\r][\n]"
2020-02-19 11:23:08  [ main:2097 ] - [ DEBUG ]  << "[\r][\n]"
2020-02-19 11:23:08  [ main:2098 ] - [ DEBUG ]  Receiving response: HTTP/1.1 200 OK
2020-02-19 11:23:08  [ main:2099 ] - [ DEBUG ]  << HTTP/1.1 200 OK
2020-02-19 11:23:08  [ main:2100 ] - [ DEBUG ]  << Server: Apache-Coyote/1.1
2020-02-19 11:23:08  [ main:2101 ] - [ DEBUG ]  << Content-Type: application/json;charset=UTF-8
2020-02-19 11:23:08  [ main:2103 ] - [ DEBUG ]  << Transfer-Encoding: chunked
2020-02-19 11:23:08  [ main:2104 ] - [ DEBUG ]  << Date: Wed, 19 Feb 2020 03:23:11 GMT
2020-02-19 11:23:08  [ main:2105 ] - [ DEBUG ]  Connection can be kept alive indefinitely
2020-02-19 11:23:08  [ main:2106 ] - [ DEBUG ]  << "45[\r][\n]"
2020-02-19 11:23:08  [ main:2108 ] - [ DEBUG ]  << "{"status":0,"code":"20103","data":null,"msg":"[0xe6][0x89][0x8b][0xe6][0x9c][0xba][0xe5][0x8f][0xb7][0xe4][0xb8][0x8d][0xe8][0x83][0xbd][0xe4][0xb8][0xba][0xe7][0xa9][0xba]"}"
2020-02-19 11:23:08  [ main:2108 ] - [ DEBUG ]  << "[\r][\n]"
2020-02-19 11:23:08  [ main:2109 ] - [ DEBUG ]  << "0[\r][\n]"
2020-02-19 11:23:08  [ main:2110 ] - [ DEBUG ]  << "[\r][\n]"
2020-02-19 11:23:08  [ main:2111 ] - [ DEBUG ]  Releasing connection org.apache.http.impl.conn.SingleClientConnManager$ConnAdapter@16150369
2020-02-19 11:23:09  [ main:2832 ] - [ ERROR ]  java.lang.AssertionError: 登入测试 expected [10103] but found [20103]
2020-02-19 11:25:12  [ main:2 ] - [ DEBUG ]  Get connection for route HttpRoute[{}->http://test.lemonban.com:8080]
2020-02-19 11:25:12  [ main:64 ] - [ DEBUG ]  Connecting to test.lemonban.com:8080
2020-02-19 11:25:12  [ main:159 ] - [ DEBUG ]  CookieSpec selected: best-match
2020-02-19 11:25:13  [ main:208 ] - [ DEBUG ]  Auth cache not set in the context
2020-02-19 11:25:13  [ main:210 ] - [ DEBUG ]  Attempt 1 to execute request
2020-02-19 11:25:13  [ main:211 ] - [ DEBUG ]  Sending request: POST /futureloan/mvc/api/member/register HTTP/1.1
2020-02-19 11:25:13  [ main:213 ] - [ DEBUG ]  >> "POST /futureloan/mvc/api/member/register HTTP/1.1[\r][\n]"
2020-02-19 11:25:13  [ main:220 ] - [ DEBUG ]  >> "Content-Length: 44[\r][\n]"
2020-02-19 11:25:13  [ main:221 ] - [ DEBUG ]  >> "Content-Type: application/json[\r][\n]"
2020-02-19 11:25:13  [ main:224 ] - [ DEBUG ]  >> "Host: test.lemonban.com:8080[\r][\n]"
2020-02-19 11:25:13  [ main:226 ] - [ DEBUG ]  >> "Connection: Keep-Alive[\r][\n]"
2020-02-19 11:25:13  [ main:228 ] - [ DEBUG ]  >> "User-Agent: Apache-HttpClient/4.1.2 (java 1.5)[\r][\n]"
2020-02-19 11:25:13  [ main:229 ] - [ DEBUG ]  >> "[\r][\n]"
2020-02-19 11:25:13  [ main:232 ] - [ DEBUG ]  >> POST /futureloan/mvc/api/member/register HTTP/1.1
2020-02-19 11:25:13  [ main:233 ] - [ DEBUG ]  >> Content-Length: 44
2020-02-19 11:25:13  [ main:234 ] - [ DEBUG ]  >> Content-Type: application/json
2020-02-19 11:25:13  [ main:242 ] - [ DEBUG ]  >> Host: test.lemonban.com:8080
2020-02-19 11:25:13  [ main:246 ] - [ DEBUG ]  >> Connection: Keep-Alive
2020-02-19 11:25:13  [ main:255 ] - [ DEBUG ]  >> User-Agent: Apache-HttpClient/4.1.2 (java 1.5)
2020-02-19 11:25:13  [ main:258 ] - [ DEBUG ]  >> "{"mobilephone":"15268890987","pwd":"123456"}"
2020-02-19 11:25:13  [ main:291 ] - [ DEBUG ]  << "HTTP/1.1 200 OK[\r][\n]"
2020-02-19 11:25:13  [ main:301 ] - [ DEBUG ]  << "Server: Apache-Coyote/1.1[\r][\n]"
2020-02-19 11:25:13  [ main:302 ] - [ DEBUG ]  << "Content-Type: application/json;charset=UTF-8[\r][\n]"
2020-02-19 11:25:13  [ main:303 ] - [ DEBUG ]  << "Transfer-Encoding: chunked[\r][\n]"
2020-02-19 11:25:13  [ main:304 ] - [ DEBUG ]  << "Date: Wed, 19 Feb 2020 03:25:16 GMT[\r][\n]"
2020-02-19 11:25:13  [ main:305 ] - [ DEBUG ]  << "[\r][\n]"
2020-02-19 11:25:13  [ main:309 ] - [ DEBUG ]  Receiving response: HTTP/1.1 200 OK
2020-02-19 11:25:13  [ main:309 ] - [ DEBUG ]  << HTTP/1.1 200 OK
2020-02-19 11:25:13  [ main:310 ] - [ DEBUG ]  << Server: Apache-Coyote/1.1
2020-02-19 11:25:13  [ main:311 ] - [ DEBUG ]  << Content-Type: application/json;charset=UTF-8
2020-02-19 11:25:13  [ main:312 ] - [ DEBUG ]  << Transfer-Encoding: chunked
2020-02-19 11:25:13  [ main:313 ] - [ DEBUG ]  << Date: Wed, 19 Feb 2020 03:25:16 GMT
2020-02-19 11:25:13  [ main:336 ] - [ DEBUG ]  Connection can be kept alive indefinitely
2020-02-19 11:25:13  [ main:346 ] - [ DEBUG ]  << "45[\r][\n]"
2020-02-19 11:25:13  [ main:347 ] - [ DEBUG ]  << "{"status":0,"code":"20103","data":null,"msg":"[0xe6][0x89][0x8b][0xe6][0x9c][0xba][0xe5][0x8f][0xb7][0xe4][0xb8][0x8d][0xe8][0x83][0xbd][0xe4][0xb8][0xba][0xe7][0xa9][0xba]"}"
2020-02-19 11:25:13  [ main:348 ] - [ DEBUG ]  << "[\r][\n]"
2020-02-19 11:25:13  [ main:349 ] - [ DEBUG ]  << "0[\r][\n]"
2020-02-19 11:25:13  [ main:351 ] - [ DEBUG ]  << "[\r][\n]"
2020-02-19 11:25:13  [ main:352 ] - [ DEBUG ]  Releasing connection org.apache.http.impl.conn.SingleClientConnManager$ConnAdapter@f5acb9d
2020-02-19 11:25:14  [ main:1647 ] - [ ERROR ]  java.lang.AssertionError: 登入测试 expected [10103] but found [20103]
2020-02-19 11:25:14  [ main:1666 ] - [ DEBUG ]  Get connection for route HttpRoute[{}->http://test.lemonban.com:8080]
2020-02-19 11:25:14  [ main:1671 ] - [ DEBUG ]  Stale connection check
2020-02-19 11:25:14  [ main:1675 ] - [ DEBUG ]  CookieSpec selected: best-match
2020-02-19 11:25:14  [ main:1677 ] - [ DEBUG ]  Auth cache not set in the context
2020-02-19 11:25:14  [ main:1677 ] - [ DEBUG ]  Attempt 1 to execute request
2020-02-19 11:25:14  [ main:1678 ] - [ DEBUG ]  Sending request: POST /futureloan/mvc/api/member/register HTTP/1.1
2020-02-19 11:25:14  [ main:1679 ] - [ DEBUG ]  >> "POST /futureloan/mvc/api/member/register HTTP/1.1[\r][\n]"
2020-02-19 11:25:14  [ main:1681 ] - [ DEBUG ]  >> "Content-Length: 43[\r][\n]"
2020-02-19 11:25:14  [ main:1682 ] - [ DEBUG ]  >> "Content-Type: application/json[\r][\n]"
2020-02-19 11:25:14  [ main:1683 ] - [ DEBUG ]  >> "Host: test.lemonban.com:8080[\r][\n]"
2020-02-19 11:25:14  [ main:1684 ] - [ DEBUG ]  >> "Connection: Keep-Alive[\r][\n]"
2020-02-19 11:25:14  [ main:1685 ] - [ DEBUG ]  >> "User-Agent: Apache-HttpClient/4.1.2 (java 1.5)[\r][\n]"
2020-02-19 11:25:14  [ main:1685 ] - [ DEBUG ]  >> "[\r][\n]"
2020-02-19 11:25:14  [ main:1686 ] - [ DEBUG ]  >> POST /futureloan/mvc/api/member/register HTTP/1.1
2020-02-19 11:25:14  [ main:1687 ] - [ DEBUG ]  >> Content-Length: 43
2020-02-19 11:25:14  [ main:1688 ] - [ DEBUG ]  >> Content-Type: application/json
2020-02-19 11:25:14  [ main:1689 ] - [ DEBUG ]  >> Host: test.lemonban.com:8080
2020-02-19 11:25:14  [ main:1690 ] - [ DEBUG ]  >> Connection: Keep-Alive
2020-02-19 11:25:14  [ main:1691 ] - [ DEBUG ]  >> User-Agent: Apache-HttpClient/4.1.2 (java 1.5)
2020-02-19 11:25:14  [ main:1692 ] - [ DEBUG ]  >> "{"mobilephone":"55555555555","pwd":"12346"}"
2020-02-19 11:25:14  [ main:1724 ] - [ DEBUG ]  << "HTTP/1.1 200 OK[\r][\n]"
2020-02-19 11:25:14  [ main:1726 ] - [ DEBUG ]  << "Server: Apache-Coyote/1.1[\r][\n]"
2020-02-19 11:25:14  [ main:1727 ] - [ DEBUG ]  << "Content-Type: application/json;charset=UTF-8[\r][\n]"
2020-02-19 11:25:14  [ main:1728 ] - [ DEBUG ]  << "Transfer-Encoding: chunked[\r][\n]"
2020-02-19 11:25:14  [ main:1729 ] - [ DEBUG ]  << "Date: Wed, 19 Feb 2020 03:25:17 GMT[\r][\n]"
2020-02-19 11:25:14  [ main:1730 ] - [ DEBUG ]  << "[\r][\n]"
2020-02-19 11:25:14  [ main:1731 ] - [ DEBUG ]  Receiving response: HTTP/1.1 200 OK
2020-02-19 11:25:14  [ main:1733 ] - [ DEBUG ]  << HTTP/1.1 200 OK
2020-02-19 11:25:14  [ main:1734 ] - [ DEBUG ]  << Server: Apache-Coyote/1.1
2020-02-19 11:25:14  [ main:1735 ] - [ DEBUG ]  << Content-Type: application/json;charset=UTF-8
2020-02-19 11:25:14  [ main:1736 ] - [ DEBUG ]  << Transfer-Encoding: chunked
2020-02-19 11:25:14  [ main:1737 ] - [ DEBUG ]  << Date: Wed, 19 Feb 2020 03:25:17 GMT
2020-02-19 11:25:14  [ main:1738 ] - [ DEBUG ]  Connection can be kept alive indefinitely
2020-02-19 11:25:14  [ main:1740 ] - [ DEBUG ]  << "45[\r][\n]"
2020-02-19 11:25:14  [ main:1741 ] - [ DEBUG ]  << "{"status":0,"code":"20103","data":null,"msg":"[0xe6][0x89][0x8b][0xe6][0x9c][0xba][0xe5][0x8f][0xb7][0xe4][0xb8][0x8d][0xe8][0x83][0xbd][0xe4][0xb8][0xba][0xe7][0xa9][0xba]"}"
2020-02-19 11:25:14  [ main:1742 ] - [ DEBUG ]  << "[\r][\n]"
2020-02-19 11:25:14  [ main:1743 ] - [ DEBUG ]  << "0[\r][\n]"
2020-02-19 11:25:14  [ main:1744 ] - [ DEBUG ]  << "[\r][\n]"
2020-02-19 11:25:14  [ main:1746 ] - [ DEBUG ]  Releasing connection org.apache.http.impl.conn.SingleClientConnManager$ConnAdapter@16150369
2020-02-19 11:25:15  [ main:2391 ] - [ ERROR ]  java.lang.AssertionError: 登入测试 expected [10103] but found [20103]
2020-02-19 11:30:48  [ main:0 ] - [ DEBUG ]  Get connection for route HttpRoute[{}->http://test.lemonban.com:8080]
2020-02-19 11:30:48  [ main:62 ] - [ DEBUG ]  Connecting to test.lemonban.com:8080
2020-02-19 11:30:48  [ main:154 ] - [ DEBUG ]  CookieSpec selected: best-match
2020-02-19 11:30:48  [ main:200 ] - [ DEBUG ]  Auth cache not set in the context
2020-02-19 11:30:48  [ main:202 ] - [ DEBUG ]  Attempt 1 to execute request
2020-02-19 11:30:48  [ main:203 ] - [ DEBUG ]  Sending request: POST /futureloan/mvc/api/member/register HTTP/1.1
2020-02-19 11:30:48  [ main:205 ] - [ DEBUG ]  >> "POST /futureloan/mvc/api/member/register HTTP/1.1[\r][\n]"
2020-02-19 11:30:48  [ main:210 ] - [ DEBUG ]  >> "Content-Length: 44[\r][\n]"
2020-02-19 11:30:48  [ main:211 ] - [ DEBUG ]  >> "Content-Type: application/json[\r][\n]"
2020-02-19 11:30:48  [ main:213 ] - [ DEBUG ]  >> "Host: test.lemonban.com:8080[\r][\n]"
2020-02-19 11:30:48  [ main:214 ] - [ DEBUG ]  >> "Connection: Keep-Alive[\r][\n]"
2020-02-19 11:30:48  [ main:215 ] - [ DEBUG ]  >> "User-Agent: Apache-HttpClient/4.1.2 (java 1.5)[\r][\n]"
2020-02-19 11:30:48  [ main:216 ] - [ DEBUG ]  >> "[\r][\n]"
2020-02-19 11:30:48  [ main:218 ] - [ DEBUG ]  >> POST /futureloan/mvc/api/member/register HTTP/1.1
2020-02-19 11:30:48  [ main:220 ] - [ DEBUG ]  >> Content-Length: 44
2020-02-19 11:30:48  [ main:223 ] - [ DEBUG ]  >> Content-Type: application/json
2020-02-19 11:30:48  [ main:235 ] - [ DEBUG ]  >> Host: test.lemonban.com:8080
2020-02-19 11:30:48  [ main:247 ] - [ DEBUG ]  >> Connection: Keep-Alive
2020-02-19 11:30:48  [ main:249 ] - [ DEBUG ]  >> User-Agent: Apache-HttpClient/4.1.2 (java 1.5)
2020-02-19 11:30:48  [ main:252 ] - [ DEBUG ]  >> "{"mobilephone":"15268890987","pwd":"123456"}"
2020-02-19 11:30:48  [ main:295 ] - [ DEBUG ]  << "HTTP/1.1 200 OK[\r][\n]"
2020-02-19 11:30:48  [ main:305 ] - [ DEBUG ]  << "Server: Apache-Coyote/1.1[\r][\n]"
2020-02-19 11:30:48  [ main:306 ] - [ DEBUG ]  << "Content-Type: application/json;charset=UTF-8[\r][\n]"
2020-02-19 11:30:48  [ main:307 ] - [ DEBUG ]  << "Transfer-Encoding: chunked[\r][\n]"
2020-02-19 11:30:48  [ main:308 ] - [ DEBUG ]  << "Date: Wed, 19 Feb 2020 03:30:52 GMT[\r][\n]"
2020-02-19 11:30:48  [ main:309 ] - [ DEBUG ]  << "[\r][\n]"
2020-02-19 11:30:48  [ main:313 ] - [ DEBUG ]  Receiving response: HTTP/1.1 200 OK
2020-02-19 11:30:48  [ main:315 ] - [ DEBUG ]  << HTTP/1.1 200 OK
2020-02-19 11:30:48  [ main:315 ] - [ DEBUG ]  << Server: Apache-Coyote/1.1
2020-02-19 11:30:48  [ main:316 ] - [ DEBUG ]  << Content-Type: application/json;charset=UTF-8
2020-02-19 11:30:48  [ main:317 ] - [ DEBUG ]  << Transfer-Encoding: chunked
2020-02-19 11:30:48  [ main:318 ] - [ DEBUG ]  << Date: Wed, 19 Feb 2020 03:30:52 GMT
2020-02-19 11:30:48  [ main:341 ] - [ DEBUG ]  Connection can be kept alive indefinitely
2020-02-19 11:30:48  [ main:351 ] - [ DEBUG ]  << "45[\r][\n]"
2020-02-19 11:30:48  [ main:352 ] - [ DEBUG ]  << "{"status":0,"code":"20103","data":null,"msg":"[0xe6][0x89][0x8b][0xe6][0x9c][0xba][0xe5][0x8f][0xb7][0xe4][0xb8][0x8d][0xe8][0x83][0xbd][0xe4][0xb8][0xba][0xe7][0xa9][0xba]"}"
2020-02-19 11:30:48  [ main:353 ] - [ DEBUG ]  << "[\r][\n]"
2020-02-19 11:30:48  [ main:353 ] - [ DEBUG ]  << "0[\r][\n]"
2020-02-19 11:30:48  [ main:354 ] - [ DEBUG ]  << "[\r][\n]"
2020-02-19 11:30:48  [ main:355 ] - [ DEBUG ]  Releasing connection org.apache.http.impl.conn.SingleClientConnManager$ConnAdapter@f5acb9d
2020-02-19 11:30:50  [ main:1620 ] - [ ERROR ]  java.lang.AssertionError: 登入测试 expected [10103] but found [20103]
2020-02-19 11:30:50  [ main:1647 ] - [ DEBUG ]  Get connection for route HttpRoute[{}->http://test.lemonban.com:8080]
2020-02-19 11:30:50  [ main:1650 ] - [ DEBUG ]  Stale connection check
2020-02-19 11:30:50  [ main:1658 ] - [ DEBUG ]  CookieSpec selected: best-match
2020-02-19 11:30:50  [ main:1660 ] - [ DEBUG ]  Auth cache not set in the context
2020-02-19 11:30:50  [ main:1662 ] - [ DEBUG ]  Attempt 1 to execute request
2020-02-19 11:30:50  [ main:1663 ] - [ DEBUG ]  Sending request: POST /futureloan/mvc/api/member/register HTTP/1.1
2020-02-19 11:30:50  [ main:1664 ] - [ DEBUG ]  >> "POST /futureloan/mvc/api/member/register HTTP/1.1[\r][\n]"
2020-02-19 11:30:50  [ main:1664 ] - [ DEBUG ]  >> "Content-Length: 43[\r][\n]"
2020-02-19 11:30:50  [ main:1665 ] - [ DEBUG ]  >> "Content-Type: application/json[\r][\n]"
2020-02-19 11:30:50  [ main:1666 ] - [ DEBUG ]  >> "Host: test.lemonban.com:8080[\r][\n]"
2020-02-19 11:30:50  [ main:1667 ] - [ DEBUG ]  >> "Connection: Keep-Alive[\r][\n]"
2020-02-19 11:30:50  [ main:1668 ] - [ DEBUG ]  >> "User-Agent: Apache-HttpClient/4.1.2 (java 1.5)[\r][\n]"
2020-02-19 11:30:50  [ main:1668 ] - [ DEBUG ]  >> "[\r][\n]"
2020-02-19 11:30:50  [ main:1669 ] - [ DEBUG ]  >> POST /futureloan/mvc/api/member/register HTTP/1.1
2020-02-19 11:30:50  [ main:1670 ] - [ DEBUG ]  >> Content-Length: 43
2020-02-19 11:30:50  [ main:1671 ] - [ DEBUG ]  >> Content-Type: application/json
2020-02-19 11:30:50  [ main:1671 ] - [ DEBUG ]  >> Host: test.lemonban.com:8080
2020-02-19 11:30:50  [ main:1672 ] - [ DEBUG ]  >> Connection: Keep-Alive
2020-02-19 11:30:50  [ main:1673 ] - [ DEBUG ]  >> User-Agent: Apache-HttpClient/4.1.2 (java 1.5)
2020-02-19 11:30:50  [ main:1674 ] - [ DEBUG ]  >> "{"mobilephone":"55555555555","pwd":"12346"}"
2020-02-19 11:30:50  [ main:1708 ] - [ DEBUG ]  << "HTTP/1.1 200 OK[\r][\n]"
2020-02-19 11:30:50  [ main:1709 ] - [ DEBUG ]  << "Server: Apache-Coyote/1.1[\r][\n]"
2020-02-19 11:30:50  [ main:1710 ] - [ DEBUG ]  << "Content-Type: application/json;charset=UTF-8[\r][\n]"
2020-02-19 11:30:50  [ main:1711 ] - [ DEBUG ]  << "Transfer-Encoding: chunked[\r][\n]"
2020-02-19 11:30:50  [ main:1713 ] - [ DEBUG ]  << "Date: Wed, 19 Feb 2020 03:30:53 GMT[\r][\n]"
2020-02-19 11:30:50  [ main:1714 ] - [ DEBUG ]  << "[\r][\n]"
2020-02-19 11:30:50  [ main:1715 ] - [ DEBUG ]  Receiving response: HTTP/1.1 200 OK
2020-02-19 11:30:50  [ main:1716 ] - [ DEBUG ]  << HTTP/1.1 200 OK
2020-02-19 11:30:50  [ main:1717 ] - [ DEBUG ]  << Server: Apache-Coyote/1.1
2020-02-19 11:30:50  [ main:1719 ] - [ DEBUG ]  << Content-Type: application/json;charset=UTF-8
2020-02-19 11:30:50  [ main:1720 ] - [ DEBUG ]  << Transfer-Encoding: chunked
2020-02-19 11:30:50  [ main:1720 ] - [ DEBUG ]  << Date: Wed, 19 Feb 2020 03:30:53 GMT
2020-02-19 11:30:50  [ main:1721 ] - [ DEBUG ]  Connection can be kept alive indefinitely
2020-02-19 11:30:50  [ main:1723 ] - [ DEBUG ]  << "45[\r][\n]"
2020-02-19 11:30:50  [ main:1724 ] - [ DEBUG ]  << "{"status":0,"code":"20103","data":null,"msg":"[0xe6][0x89][0x8b][0xe6][0x9c][0xba][0xe5][0x8f][0xb7][0xe4][0xb8][0x8d][0xe8][0x83][0xbd][0xe4][0xb8][0xba][0xe7][0xa9][0xba]"}"
2020-02-19 11:30:50  [ main:1725 ] - [ DEBUG ]  << "[\r][\n]"
2020-02-19 11:30:50  [ main:1726 ] - [ DEBUG ]  << "0[\r][\n]"
2020-02-19 11:30:50  [ main:1728 ] - [ DEBUG ]  << "[\r][\n]"
2020-02-19 11:30:50  [ main:1729 ] - [ DEBUG ]  Releasing connection org.apache.http.impl.conn.SingleClientConnManager$ConnAdapter@16150369
2020-02-19 11:30:51  [ main:2899 ] - [ ERROR ]  java.lang.AssertionError: 登入测试 expected [10103] but found [20103]
2020-02-19 11:33:20  [ main:0 ] - [ DEBUG ]  Get connection for route HttpRoute[{}->http://test.lemonban.com:8080]
2020-02-19 11:33:21  [ main:50 ] - [ DEBUG ]  Connecting to test.lemonban.com:8080
2020-02-19 11:33:21  [ main:143 ] - [ DEBUG ]  CookieSpec selected: best-match
2020-02-19 11:33:21  [ main:191 ] - [ DEBUG ]  Auth cache not set in the context
2020-02-19 11:33:21  [ main:192 ] - [ DEBUG ]  Attempt 1 to execute request
2020-02-19 11:33:21  [ main:193 ] - [ DEBUG ]  Sending request: POST /futureloan/mvc/api/member/register HTTP/1.1
2020-02-19 11:33:21  [ main:196 ] - [ DEBUG ]  >> "POST /futureloan/mvc/api/member/register HTTP/1.1[\r][\n]"
2020-02-19 11:33:21  [ main:201 ] - [ DEBUG ]  >> "Content-Length: 44[\r][\n]"
2020-02-19 11:33:21  [ main:202 ] - [ DEBUG ]  >> "Content-Type: application/json[\r][\n]"
2020-02-19 11:33:21  [ main:203 ] - [ DEBUG ]  >> "Host: test.lemonban.com:8080[\r][\n]"
2020-02-19 11:33:21  [ main:204 ] - [ DEBUG ]  >> "Connection: Keep-Alive[\r][\n]"
2020-02-19 11:33:21  [ main:205 ] - [ DEBUG ]  >> "User-Agent: Apache-HttpClient/4.1.2 (java 1.5)[\r][\n]"
2020-02-19 11:33:21  [ main:206 ] - [ DEBUG ]  >> "[\r][\n]"
2020-02-19 11:33:21  [ main:208 ] - [ DEBUG ]  >> POST /futureloan/mvc/api/member/register HTTP/1.1
2020-02-19 11:33:21  [ main:211 ] - [ DEBUG ]  >> Content-Length: 44
2020-02-19 11:33:21  [ main:213 ] - [ DEBUG ]  >> Content-Type: application/json
2020-02-19 11:33:21  [ main:247 ] - [ DEBUG ]  >> Host: test.lemonban.com:8080
2020-02-19 11:33:21  [ main:248 ] - [ DEBUG ]  >> Connection: Keep-Alive
2020-02-19 11:33:21  [ main:249 ] - [ DEBUG ]  >> User-Agent: Apache-HttpClient/4.1.2 (java 1.5)
2020-02-19 11:33:21  [ main:252 ] - [ DEBUG ]  >> "{"mobilephone":"15268890987","pwd":"123456"}"
2020-02-19 11:33:21  [ main:288 ] - [ DEBUG ]  << "HTTP/1.1 200 OK[\r][\n]"
2020-02-19 11:33:21  [ main:298 ] - [ DEBUG ]  << "Server: Apache-Coyote/1.1[\r][\n]"
2020-02-19 11:33:21  [ main:299 ] - [ DEBUG ]  << "Content-Type: application/json;charset=UTF-8[\r][\n]"
2020-02-19 11:33:21  [ main:301 ] - [ DEBUG ]  << "Transfer-Encoding: chunked[\r][\n]"
2020-02-19 11:33:21  [ main:302 ] - [ DEBUG ]  << "Date: Wed, 19 Feb 2020 03:33:24 GMT[\r][\n]"
2020-02-19 11:33:21  [ main:303 ] - [ DEBUG ]  << "[\r][\n]"
2020-02-19 11:33:21  [ main:307 ] - [ DEBUG ]  Receiving response: HTTP/1.1 200 OK
2020-02-19 11:33:21  [ main:309 ] - [ DEBUG ]  << HTTP/1.1 200 OK
2020-02-19 11:33:21  [ main:311 ] - [ DEBUG ]  << Server: Apache-Coyote/1.1
2020-02-19 11:33:21  [ main:312 ] - [ DEBUG ]  << Content-Type: application/json;charset=UTF-8
2020-02-19 11:33:21  [ main:312 ] - [ DEBUG ]  << Transfer-Encoding: chunked
2020-02-19 11:33:21  [ main:313 ] - [ DEBUG ]  << Date: Wed, 19 Feb 2020 03:33:24 GMT
2020-02-19 11:33:21  [ main:337 ] - [ DEBUG ]  Connection can be kept alive indefinitely
2020-02-19 11:33:21  [ main:346 ] - [ DEBUG ]  << "45[\r][\n]"
2020-02-19 11:33:21  [ main:347 ] - [ DEBUG ]  << "{"status":0,"code":"20103","data":null,"msg":"[0xe6][0x89][0x8b][0xe6][0x9c][0xba][0xe5][0x8f][0xb7][0xe4][0xb8][0x8d][0xe8][0x83][0xbd][0xe4][0xb8][0xba][0xe7][0xa9][0xba]"}"
2020-02-19 11:33:21  [ main:348 ] - [ DEBUG ]  << "[\r][\n]"
2020-02-19 11:33:21  [ main:348 ] - [ DEBUG ]  << "0[\r][\n]"
2020-02-19 11:33:21  [ main:349 ] - [ DEBUG ]  << "[\r][\n]"
2020-02-19 11:33:21  [ main:350 ] - [ DEBUG ]  Releasing connection org.apache.http.impl.conn.SingleClientConnManager$ConnAdapter@7e7be63f
2020-02-19 11:33:22  [ main:1642 ] - [ ERROR ]  java.lang.AssertionError: 登入测试 expected [10103] but found [20103]
2020-02-19 11:33:22  [ main:1649 ] - [ DEBUG ]  Get connection for route HttpRoute[{}->http://test.lemonban.com:8080]
2020-02-19 11:33:22  [ main:1655 ] - [ DEBUG ]  Stale connection check
2020-02-19 11:33:22  [ main:1658 ] - [ DEBUG ]  CookieSpec selected: best-match
2020-02-19 11:33:22  [ main:1659 ] - [ DEBUG ]  Auth cache not set in the context
2020-02-19 11:33:22  [ main:1660 ] - [ DEBUG ]  Attempt 1 to execute request
2020-02-19 11:33:22  [ main:1661 ] - [ DEBUG ]  Sending request: POST /futureloan/mvc/api/member/register HTTP/1.1
2020-02-19 11:33:22  [ main:1661 ] - [ DEBUG ]  >> "POST /futureloan/mvc/api/member/register HTTP/1.1[\r][\n]"
2020-02-19 11:33:22  [ main:1662 ] - [ DEBUG ]  >> "Content-Length: 43[\r][\n]"
2020-02-19 11:33:22  [ main:1663 ] - [ DEBUG ]  >> "Content-Type: application/json[\r][\n]"
2020-02-19 11:33:22  [ main:1664 ] - [ DEBUG ]  >> "Host: test.lemonban.com:8080[\r][\n]"
2020-02-19 11:33:22  [ main:1665 ] - [ DEBUG ]  >> "Connection: Keep-Alive[\r][\n]"
2020-02-19 11:33:22  [ main:1665 ] - [ DEBUG ]  >> "User-Agent: Apache-HttpClient/4.1.2 (java 1.5)[\r][\n]"
2020-02-19 11:33:22  [ main:1666 ] - [ DEBUG ]  >> "[\r][\n]"
2020-02-19 11:33:22  [ main:1667 ] - [ DEBUG ]  >> POST /futureloan/mvc/api/member/register HTTP/1.1
2020-02-19 11:33:22  [ main:1668 ] - [ DEBUG ]  >> Content-Length: 43
2020-02-19 11:33:22  [ main:1669 ] - [ DEBUG ]  >> Content-Type: application/json
2020-02-19 11:33:22  [ main:1670 ] - [ DEBUG ]  >> Host: test.lemonban.com:8080
2020-02-19 11:33:22  [ main:1670 ] - [ DEBUG ]  >> Connection: Keep-Alive
2020-02-19 11:33:22  [ main:1671 ] - [ DEBUG ]  >> User-Agent: Apache-HttpClient/4.1.2 (java 1.5)
2020-02-19 11:33:22  [ main:1672 ] - [ DEBUG ]  >> "{"mobilephone":"55555555555","pwd":"12346"}"
2020-02-19 11:33:22  [ main:1706 ] - [ DEBUG ]  << "HTTP/1.1 200 OK[\r][\n]"
2020-02-19 11:33:22  [ main:1707 ] - [ DEBUG ]  << "Server: Apache-Coyote/1.1[\r][\n]"
2020-02-19 11:33:22  [ main:1708 ] - [ DEBUG ]  << "Content-Type: application/json;charset=UTF-8[\r][\n]"
2020-02-19 11:33:22  [ main:1710 ] - [ DEBUG ]  << "Transfer-Encoding: chunked[\r][\n]"
2020-02-19 11:33:22  [ main:1711 ] - [ DEBUG ]  << "Date: Wed, 19 Feb 2020 03:33:25 GMT[\r][\n]"
2020-02-19 11:33:22  [ main:1711 ] - [ DEBUG ]  << "[\r][\n]"
2020-02-19 11:33:22  [ main:1712 ] - [ DEBUG ]  Receiving response: HTTP/1.1 200 OK
2020-02-19 11:33:22  [ main:1713 ] - [ DEBUG ]  << HTTP/1.1 200 OK
2020-02-19 11:33:22  [ main:1715 ] - [ DEBUG ]  << Server: Apache-Coyote/1.1
2020-02-19 11:33:22  [ main:1716 ] - [ DEBUG ]  << Content-Type: application/json;charset=UTF-8
2020-02-19 11:33:22  [ main:1717 ] - [ DEBUG ]  << Transfer-Encoding: chunked
2020-02-19 11:33:22  [ main:1718 ] - [ DEBUG ]  << Date: Wed, 19 Feb 2020 03:33:25 GMT
2020-02-19 11:33:22  [ main:1719 ] - [ DEBUG ]  Connection can be kept alive indefinitely
2020-02-19 11:33:22  [ main:1720 ] - [ DEBUG ]  << "45[\r][\n]"
2020-02-19 11:33:22  [ main:1722 ] - [ DEBUG ]  << "{"status":0,"code":"20103","data":null,"msg":"[0xe6][0x89][0x8b][0xe6][0x9c][0xba][0xe5][0x8f][0xb7][0xe4][0xb8][0x8d][0xe8][0x83][0xbd][0xe4][0xb8][0xba][0xe7][0xa9][0xba]"}"
2020-02-19 11:33:22  [ main:1723 ] - [ DEBUG ]  << "[\r][\n]"
2020-02-19 11:33:22  [ main:1725 ] - [ DEBUG ]  << "0[\r][\n]"
2020-02-19 11:33:22  [ main:1727 ] - [ DEBUG ]  << "[\r][\n]"
2020-02-19 11:33:22  [ main:1728 ] - [ DEBUG ]  Releasing connection org.apache.http.impl.conn.SingleClientConnManager$ConnAdapter@7e990ed7
2020-02-19 11:33:23  [ main:2480 ] - [ ERROR ]  java.lang.AssertionError: 登入测试 expected [10103] but found [20103]
2020-02-19 16:14:37  [ main:0 ] - [ DEBUG ]  Get connection for route HttpRoute[{}->http://test.lemonban.com:8080]
2020-02-19 16:14:37  [ main:203 ] - [ DEBUG ]  Connecting to test.lemonban.com:8080
2020-02-19 16:14:37  [ main:313 ] - [ DEBUG ]  CookieSpec selected: best-match
2020-02-19 16:14:37  [ main:360 ] - [ DEBUG ]  Auth cache not set in the context
2020-02-19 16:14:37  [ main:375 ] - [ DEBUG ]  Attempt 1 to execute request
2020-02-19 16:14:37  [ main:375 ] - [ DEBUG ]  Sending request: POST /futureloan/mvc/api/member/register HTTP/1.1
2020-02-19 16:14:37  [ main:375 ] - [ DEBUG ]  >> "POST /futureloan/mvc/api/member/register HTTP/1.1[\r][\n]"
2020-02-19 16:14:37  [ main:375 ] - [ DEBUG ]  >> "Content-Length: 44[\r][\n]"
2020-02-19 16:14:37  [ main:375 ] - [ DEBUG ]  >> "Content-Type: application/json[\r][\n]"
2020-02-19 16:14:37  [ main:375 ] - [ DEBUG ]  >> "Host: test.lemonban.com:8080[\r][\n]"
2020-02-19 16:14:37  [ main:375 ] - [ DEBUG ]  >> "Connection: Keep-Alive[\r][\n]"
2020-02-19 16:14:37  [ main:375 ] - [ DEBUG ]  >> "User-Agent: Apache-HttpClient/4.1.2 (java 1.5)[\r][\n]"
2020-02-19 16:14:37  [ main:406 ] - [ DEBUG ]  >> "[\r][\n]"
2020-02-19 16:14:37  [ main:406 ] - [ DEBUG ]  >> POST /futureloan/mvc/api/member/register HTTP/1.1
2020-02-19 16:14:37  [ main:406 ] - [ DEBUG ]  >> Content-Length: 44
2020-02-19 16:14:37  [ main:406 ] - [ DEBUG ]  >> Content-Type: application/json
2020-02-19 16:14:37  [ main:406 ] - [ DEBUG ]  >> Host: test.lemonban.com:8080
2020-02-19 16:14:37  [ main:406 ] - [ DEBUG ]  >> Connection: Keep-Alive
2020-02-19 16:14:37  [ main:406 ] - [ DEBUG ]  >> User-Agent: Apache-HttpClient/4.1.2 (java 1.5)
2020-02-19 16:14:37  [ main:406 ] - [ DEBUG ]  >> "{"mobilephone":"15268890987","pwd":"123456"}"
2020-02-19 16:14:37  [ main:453 ] - [ DEBUG ]  << "HTTP/1.1 200 OK[\r][\n]"
2020-02-19 16:14:37  [ main:453 ] - [ DEBUG ]  << "Server: Apache-Coyote/1.1[\r][\n]"
2020-02-19 16:14:37  [ main:453 ] - [ DEBUG ]  << "Content-Type: application/json;charset=UTF-8[\r][\n]"
2020-02-19 16:14:37  [ main:453 ] - [ DEBUG ]  << "Transfer-Encoding: chunked[\r][\n]"
2020-02-19 16:14:37  [ main:453 ] - [ DEBUG ]  << "Date: Wed, 19 Feb 2020 08:14:42 GMT[\r][\n]"
2020-02-19 16:14:37  [ main:453 ] - [ DEBUG ]  << "[\r][\n]"
2020-02-19 16:14:37  [ main:469 ] - [ DEBUG ]  Receiving response: HTTP/1.1 200 OK
2020-02-19 16:14:37  [ main:469 ] - [ DEBUG ]  << HTTP/1.1 200 OK
2020-02-19 16:14:37  [ main:469 ] - [ DEBUG ]  << Server: Apache-Coyote/1.1
2020-02-19 16:14:37  [ main:469 ] - [ DEBUG ]  << Content-Type: application/json;charset=UTF-8
2020-02-19 16:14:37  [ main:469 ] - [ DEBUG ]  << Transfer-Encoding: chunked
2020-02-19 16:14:37  [ main:469 ] - [ DEBUG ]  << Date: Wed, 19 Feb 2020 08:14:42 GMT
2020-02-19 16:14:37  [ main:485 ] - [ DEBUG ]  Connection can be kept alive indefinitely
2020-02-19 16:14:37  [ main:500 ] - [ DEBUG ]  << "45[\r][\n]"
2020-02-19 16:14:37  [ main:500 ] - [ DEBUG ]  << "{"status":0,"code":"20103","data":null,"msg":"[0xe6][0x89][0x8b][0xe6][0x9c][0xba][0xe5][0x8f][0xb7][0xe4][0xb8][0x8d][0xe8][0x83][0xbd][0xe4][0xb8][0xba][0xe7][0xa9][0xba]"}"
2020-02-19 16:14:37  [ main:500 ] - [ DEBUG ]  << "[\r][\n]"
2020-02-19 16:14:37  [ main:500 ] - [ DEBUG ]  << "0[\r][\n]"
2020-02-19 16:14:37  [ main:500 ] - [ DEBUG ]  << "[\r][\n]"
2020-02-19 16:14:37  [ main:500 ] - [ DEBUG ]  Releasing connection org.apache.http.impl.conn.SingleClientConnManager$ConnAdapter@f5acb9d
2020-02-19 16:14:39  [ main:2125 ] - [ ERROR ]  java.lang.AssertionError: 登入测试 expected [10103] but found [20103]
2020-02-19 16:14:39  [ main:2156 ] - [ DEBUG ]  Get connection for route HttpRoute[{}->http://test.lemonban.com:8080]
2020-02-19 16:14:39  [ main:2156 ] - [ DEBUG ]  Stale connection check
2020-02-19 16:14:39  [ main:2172 ] - [ DEBUG ]  CookieSpec selected: best-match
2020-02-19 16:14:39  [ main:2172 ] - [ DEBUG ]  Auth cache not set in the context
2020-02-19 16:14:39  [ main:2172 ] - [ DEBUG ]  Attempt 1 to execute request
2020-02-19 16:14:39  [ main:2172 ] - [ DEBUG ]  Sending request: POST /futureloan/mvc/api/member/register HTTP/1.1
2020-02-19 16:14:39  [ main:2172 ] - [ DEBUG ]  >> "POST /futureloan/mvc/api/member/register HTTP/1.1[\r][\n]"
2020-02-19 16:14:39  [ main:2172 ] - [ DEBUG ]  >> "Content-Length: 43[\r][\n]"
2020-02-19 16:14:39  [ main:2172 ] - [ DEBUG ]  >> "Content-Type: application/json[\r][\n]"
2020-02-19 16:14:39  [ main:2172 ] - [ DEBUG ]  >> "Host: test.lemonban.com:8080[\r][\n]"
2020-02-19 16:14:39  [ main:2172 ] - [ DEBUG ]  >> "Connection: Keep-Alive[\r][\n]"
2020-02-19 16:14:39  [ main:2172 ] - [ DEBUG ]  >> "User-Agent: Apache-HttpClient/4.1.2 (java 1.5)[\r][\n]"
2020-02-19 16:14:39  [ main:2172 ] - [ DEBUG ]  >> "[\r][\n]"
2020-02-19 16:14:39  [ main:2188 ] - [ DEBUG ]  >> POST /futureloan/mvc/api/member/register HTTP/1.1
2020-02-19 16:14:39  [ main:2188 ] - [ DEBUG ]  >> Content-Length: 43
2020-02-19 16:14:39  [ main:2188 ] - [ DEBUG ]  >> Content-Type: application/json
2020-02-19 16:14:39  [ main:2188 ] - [ DEBUG ]  >> Host: test.lemonban.com:8080
2020-02-19 16:14:39  [ main:2188 ] - [ DEBUG ]  >> Connection: Keep-Alive
2020-02-19 16:14:39  [ main:2188 ] - [ DEBUG ]  >> User-Agent: Apache-HttpClient/4.1.2 (java 1.5)
2020-02-19 16:14:39  [ main:2188 ] - [ DEBUG ]  >> "{"mobilephone":"55555555555","pwd":"12346"}"
2020-02-19 16:14:39  [ main:2219 ] - [ DEBUG ]  << "HTTP/1.1 200 OK[\r][\n]"
2020-02-19 16:14:39  [ main:2219 ] - [ DEBUG ]  << "Server: Apache-Coyote/1.1[\r][\n]"
2020-02-19 16:14:39  [ main:2219 ] - [ DEBUG ]  << "Content-Type: application/json;charset=UTF-8[\r][\n]"
2020-02-19 16:14:39  [ main:2219 ] - [ DEBUG ]  << "Transfer-Encoding: chunked[\r][\n]"
2020-02-19 16:14:39  [ main:2235 ] - [ DEBUG ]  << "Date: Wed, 19 Feb 2020 08:14:44 GMT[\r][\n]"
2020-02-19 16:14:39  [ main:2235 ] - [ DEBUG ]  << "[\r][\n]"
2020-02-19 16:14:39  [ main:2235 ] - [ DEBUG ]  Receiving response: HTTP/1.1 200 OK
2020-02-19 16:14:39  [ main:2235 ] - [ DEBUG ]  << HTTP/1.1 200 OK
2020-02-19 16:14:39  [ main:2235 ] - [ DEBUG ]  << Server: Apache-Coyote/1.1
2020-02-19 16:14:39  [ main:2235 ] - [ DEBUG ]  << Content-Type: application/json;charset=UTF-8
2020-02-19 16:14:39  [ main:2235 ] - [ DEBUG ]  << Transfer-Encoding: chunked
2020-02-19 16:14:39  [ main:2235 ] - [ DEBUG ]  << Date: Wed, 19 Feb 2020 08:14:44 GMT
2020-02-19 16:14:39  [ main:2235 ] - [ DEBUG ]  Connection can be kept alive indefinitely
2020-02-19 16:14:39  [ main:2235 ] - [ DEBUG ]  << "45[\r][\n]"
2020-02-19 16:14:39  [ main:2235 ] - [ DEBUG ]  << "{"status":0,"code":"20103","data":null,"msg":"[0xe6][0x89][0x8b][0xe6][0x9c][0xba][0xe5][0x8f][0xb7][0xe4][0xb8][0x8d][0xe8][0x83][0xbd][0xe4][0xb8][0xba][0xe7][0xa9][0xba]"}"
2020-02-19 16:14:39  [ main:2235 ] - [ DEBUG ]  << "[\r][\n]"
2020-02-19 16:14:39  [ main:2235 ] - [ DEBUG ]  << "0[\r][\n]"
2020-02-19 16:14:39  [ main:2235 ] - [ DEBUG ]  << "[\r][\n]"
2020-02-19 16:14:39  [ main:2235 ] - [ DEBUG ]  Releasing connection org.apache.http.impl.conn.SingleClientConnManager$ConnAdapter@16150369
2020-02-19 16:14:40  [ main:2860 ] - [ ERROR ]  java.lang.AssertionError: 登入测试 expected [10103] but found [20103]
